Using pre-set license
Built from '2020.3/china_unity/release' branch; Version is '2020.3.18f1c1 (94c5a6b4c040) revision 9749926'; Using compiler version '192528614'; Build Type 'Release'
OS: 'Windows 10 Home China; OS build 19042.1237; Version 2009; 64bit' Language: 'zh' Physical Memory: 16247 MB
BatchMode: 1, IsHumanControllingUs: 0, StartBugReporterOnCrash: 0, Is64bit: 1, IsPro: 0

COMMAND LINE ARGUMENTS:
C:\Program Files\Unity\Hub\Editor\2020.3.18f1c1\Editor\Unity.exe
-adb2
-batchMode
-noUpm
-name
AssetImportWorker0
-projectPath
E:/Unity Workspace/ShaderCharDisplay
-logFile
Logs/AssetImportWorker0.log
-srvPort
53690
Successfully changed project path to: E:/Unity Workspace/ShaderCharDisplay
E:/Unity Workspace/ShaderCharDisplay
Using Asset Import Pipeline V2.
AS: AutoStreaming module initializing.Refreshing native plugins compatible for Editor in 19.21 ms, found 2 plugins.
Preloading 0 native plugins for Editor in 0.00 ms.
Initialize engine version: 2020.3.18f1c1 (94c5a6b4c040)
[Subsystems] Discovering subsystems at path C:/Program Files/Unity/Hub/Editor/2020.3.18f1c1/Editor/Data/Resources/UnitySubsystems
[Subsystems] Discovering subsystems at path E:/Unity Workspace/ShaderCharDisplay/Assets
GfxDevice: creating device client; threaded=0
Direct3D:
    Version:  Direct3D 11.0 [level 11.1]
    Renderer: NVIDIA GeForce RTX 3060 (ID=0x2503)
    Vendor:   
    VRAM:     12143 MB
    Driver:   30.0.14.7155
Initialize mono
Mono path[0] = 'C:/Program Files/Unity/Hub/Editor/2020.3.18f1c1/Editor/Data/Managed'
Mono path[1] = 'C:/Program Files/Unity/Hub/Editor/2020.3.18f1c1/Editor/Data/MonoBleedingEdge/lib/mono/unityjit'
Mono config path = 'C:/Program Files/Unity/Hub/Editor/2020.3.18f1c1/Editor/Data/MonoBleedingEdge/etc'
Using monoOptions --debugger-agent=transport=dt_socket,embedding=1,server=y,suspend=n,address=127.0.0.1:56096
Begin MonoManager ReloadAssembly
Registering precompiled unity dll's ...
Register platform support module: C:/Program Files/Unity/Hub/Editor/2020.3.18f1c1/Editor/Data/PlaybackEngines/WindowsStandaloneSupport/UnityEditor.WindowsStandalone.Extensions.dll
Registered in 0.002794 seconds.
Native extension for WindowsStandalone target not found
Refreshing native plugins compatible for Editor in 19.48 ms, found 2 plugins.
Preloading 0 native plugins for Editor in 0.00 ms.
Mono: successfully reloaded assembly
- Completed reload, in  0.833 seconds
Domain Reload Profiling:
	ReloadAssembly (833ms)
		BeginReloadAssembly (50ms)
			ExecutionOrderSort (0ms)
			DisableScriptedObjects (0ms)
			BackupInstance (0ms)
			ReleaseScriptingObjects (0ms)
			CreateAndSetChildDomain (1ms)
		EndReloadAssembly (263ms)
			LoadAssemblies (47ms)
			RebuildTransferFunctionScriptingTraits (0ms)
			SetupTypeCache (92ms)
			ReleaseScriptCaches (0ms)
			RebuildScriptCaches (18ms)
			SetupLoadedEditorAssemblies (100ms)
				LogAssemblyErrors (0ms)
				InitializePlatformSupportModulesInManaged (3ms)
				SetLoadedEditorAssemblies (0ms)
				RefreshPlugins (20ms)
				BeforeProcessingInitializeOnLoad (5ms)
				ProcessInitializeOnLoadAttributes (53ms)
				ProcessInitializeOnLoadMethodAttributes (19ms)
				AfterProcessingInitializeOnLoad (0ms)
				EditorAssembliesLoaded (0ms)
			ExecutionOrderSort2 (0ms)
			AwakeInstancesAfterBackupRestoration (0ms)
Platform modules already initialized, skipping
Registering precompiled user dll's ...
Registered in 0.001479 seconds.
Begin MonoManager ReloadAssembly
Native extension for WindowsStandalone target not found
Refreshing native plugins compatible for Editor in 0.28 ms, found 2 plugins.
Preloading 0 native plugins for Editor in 0.00 ms.
Mono: successfully reloaded assembly
- Completed reload, in  0.660 seconds
Domain Reload Profiling:
	ReloadAssembly (661ms)
		BeginReloadAssembly (108ms)
			ExecutionOrderSort (0ms)
			DisableScriptedObjects (4ms)
			BackupInstance (0ms)
			ReleaseScriptingObjects (0ms)
			CreateAndSetChildDomain (14ms)
		EndReloadAssembly (506ms)
			LoadAssemblies (67ms)
			RebuildTransferFunctionScriptingTraits (0ms)
			SetupTypeCache (170ms)
			ReleaseScriptCaches (0ms)
			RebuildScriptCaches (26ms)
			SetupLoadedEditorAssemblies (196ms)
				LogAssemblyErrors (0ms)
				InitializePlatformSupportModulesInManaged (4ms)
				SetLoadedEditorAssemblies (0ms)
				RefreshPlugins (0ms)
				BeforeProcessingInitializeOnLoad (39ms)
				ProcessInitializeOnLoadAttributes (139ms)
				ProcessInitializeOnLoadMethodAttributes (3ms)
				AfterProcessingInitializeOnLoad (10ms)
				EditorAssembliesLoaded (0ms)
			ExecutionOrderSort2 (0ms)
			AwakeInstancesAfterBackupRestoration (4ms)
Platform modules already initialized, skipping
========================================================================
Worker process is ready to serve import requests
Launched and connected shader compiler UnityShaderCompiler.exe after 0.04 seconds
Refreshing native plugins compatible for Editor in 0.29 ms, found 2 plugins.
Preloading 0 native plugins for Editor in 0.00 ms.
Unloading 1396 Unused Serialized files (Serialized files now loaded: 0)
System memory in use before: 64.9 MB.
System memory in use after: 65.0 MB.

Unloading 16 unused Assets to reduce memory usage. Loaded Objects now: 1832.
Total: 2.242400 ms (FindLiveObjects: 0.100700 ms CreateObjectMapping: 0.034100 ms MarkObjects: 2.056600 ms  DeleteObjects: 0.050000 ms)

AssetImportParameters requested are different than current active one (requested -> active):
  custom:framework-win-MediaFoundation: 216162199b28c13a410421893ffa2e32 -> 
  custom:video-decoder-ogg-theora: a1e56fd34408186e4bbccfd4996cb3dc -> 
  custom:container-muxer-webm: aa71ff27fc2769a1b78a27578f13a17b -> 
  custom:container-demuxer-webm: 4f35f7cbe854078d1ac9338744f61a02 -> 
  custom:container-demuxer-ogg: 62fdf1f143b41e24485cea50d1cbac27 -> 
  custom:video-encoder-webm-vp8: eb34c28f22e8b96e1ab97ce403110664 -> 
  custom:video-codec-MediaFoundation-h265: 746d11721c4dcdbdad8f713fa42b33f4 -> 
  custom:video-decoder-webm-vp8: 9c59270c3fd7afecdb556c50c9e8de78 -> 
  custom:audio-decoder-ogg-vorbis: bf7c407c2cedff20999df2af8eb42d56 -> 
  custom:audio-encoder-webm-vorbis: bf7c407c2cedff20999df2af8eb42d56 -> 
========================================================================
Received Import Request.
  path: Assets
  artifactKey: Guid(00000000000000001000000000000000) Importer(815301076,1909f56bfc062723c751e8b465ee728b)
Start importing Assets using Guid(00000000000000001000000000000000) Importer(815301076,1909f56bfc062723c751e8b465ee728b)  -> (artifact id: '42d402b061de3733987d63b9cc3b64de') in 0.006458 seconds 
  Import took 0.008215 seconds .

========================================================================
Received Import Request.
  Time since last request: 0.501175 seconds.
  path: Assets/Shaders
  artifactKey: Guid(b0a3f52f470af5a48aa62f63ebbf30ed) Importer(815301076,1909f56bfc062723c751e8b465ee728b)
Start importing Assets/Shaders using Guid(b0a3f52f470af5a48aa62f63ebbf30ed) Importer(815301076,1909f56bfc062723c751e8b465ee728b)  -> (artifact id: '032434fba15fed8ff8dfac804b6027d9') in 0.005284 seconds 
  Import took 0.007288 seconds .

========================================================================
Received Import Request.
  Time since last request: 1.935151 seconds.
  path: Assets/Scenes
  artifactKey: Guid(56480dbb17d9488419f39baa5fd9bb19) Importer(815301076,1909f56bfc062723c751e8b465ee728b)
Start importing Assets/Scenes using Guid(56480dbb17d9488419f39baa5fd9bb19) Importer(815301076,1909f56bfc062723c751e8b465ee728b)  -> (artifact id: '4020df13147e5f6020b23689d3d67e8c') in 0.005026 seconds 
  Import took 0.006844 seconds .

========================================================================
Received Import Request.
  Time since last request: 28.006914 seconds.
  path: Assets/Shaders/NumberDisplayShader.shader
  artifactKey: Guid(322ce4ac0ea0bd64eba225cf8266668c) Importer(815301076,1909f56bfc062723c751e8b465ee728b)
Start importing Assets/Shaders/NumberDisplayShader.shader using Guid(322ce4ac0ea0bd64eba225cf8266668c) Importer(815301076,1909f56bfc062723c751e8b465ee728b)  -> (artifact id: '904c77eea9a666c2f1552049ef8efc27') in 0.027823 seconds 
  Import took 0.030010 seconds .

========================================================================
Received Import Request.
  Time since last request: 0.150388 seconds.
  path: Assets/Shaders/NumberDisplayShader.shader
  artifactKey: Guid(322ce4ac0ea0bd64eba225cf8266668c) Importer(815301076,1909f56bfc062723c751e8b465ee728b)
Start importing Assets/Shaders/NumberDisplayShader.shader using Guid(322ce4ac0ea0bd64eba225cf8266668c) Importer(815301076,1909f56bfc062723c751e8b465ee728b)  -> (artifact id: '904c77eea9a666c2f1552049ef8efc27') in 0.002529 seconds 
  Import took 0.004655 seconds .

========================================================================
Received Import Request.
  Time since last request: 430.643116 seconds.
  path: Assets/Shaders/NumberDisplayShader.shader
  artifactKey: Guid(322ce4ac0ea0bd64eba225cf8266668c) Importer(815301076,1909f56bfc062723c751e8b465ee728b)
Start importing Assets/Shaders/NumberDisplayShader.shader using Guid(322ce4ac0ea0bd64eba225cf8266668c) Importer(815301076,1909f56bfc062723c751e8b465ee728b)  -> (artifact id: 'ed0df09c7643ebbb4ae7ecd0047a5215') in 0.005117 seconds 
  Import took 0.023928 seconds .

========================================================================
Received Import Request.
  Time since last request: 0.008802 seconds.
  path: Assets/Shaders/NumberDisplayShader.shader
  artifactKey: Guid(322ce4ac0ea0bd64eba225cf8266668c) Importer(815301076,1909f56bfc062723c751e8b465ee728b)
Start importing Assets/Shaders/NumberDisplayShader.shader using Guid(322ce4ac0ea0bd64eba225cf8266668c) Importer(815301076,1909f56bfc062723c751e8b465ee728b)  -> (artifact id: 'ed0df09c7643ebbb4ae7ecd0047a5215') in 0.001894 seconds 
  Import took 0.003610 seconds .

========================================================================
Received Import Request.
  Time since last request: 226.282425 seconds.
  path: Assets/Shaders/NumberDisplayShader.shader
  artifactKey: Guid(322ce4ac0ea0bd64eba225cf8266668c) Importer(815301076,1909f56bfc062723c751e8b465ee728b)
Start importing Assets/Shaders/NumberDisplayShader.shader using Guid(322ce4ac0ea0bd64eba225cf8266668c) Importer(815301076,1909f56bfc062723c751e8b465ee728b)  -> (artifact id: '403518f219f4f9cf4bb8d8888b5982ab') in 0.001867 seconds 
  Import took 0.003756 seconds .

========================================================================
Received Import Request.
  Time since last request: 26.039609 seconds.
  path: Assets/Shaders/NumberDisplayShader.shader
  artifactKey: Guid(322ce4ac0ea0bd64eba225cf8266668c) Importer(815301076,1909f56bfc062723c751e8b465ee728b)
Start importing Assets/Shaders/NumberDisplayShader.shader using Guid(322ce4ac0ea0bd64eba225cf8266668c) Importer(815301076,1909f56bfc062723c751e8b465ee728b)  -> (artifact id: '4a498a8fb1cf0ba6e3ff20a091175f1f') in 0.001743 seconds 
  Import took 0.003759 seconds .

========================================================================
Received Import Request.
  Time since last request: 75.603307 seconds.
  path: Assets/Shaders/NumberDisplayShader.shader
  artifactKey: Guid(322ce4ac0ea0bd64eba225cf8266668c) Importer(815301076,1909f56bfc062723c751e8b465ee728b)
Start importing Assets/Shaders/NumberDisplayShader.shader using Guid(322ce4ac0ea0bd64eba225cf8266668c) Importer(815301076,1909f56bfc062723c751e8b465ee728b)  -> (artifact id: '6af0de1e06b86420d33b6358411d6102') in 0.001862 seconds 
  Import took 0.012415 seconds .

========================================================================
Received Import Request.
  Time since last request: 11.954082 seconds.
  path: Assets/Shaders/NumberDisplayShader.shader
  artifactKey: Guid(322ce4ac0ea0bd64eba225cf8266668c) Importer(815301076,1909f56bfc062723c751e8b465ee728b)
Start importing Assets/Shaders/NumberDisplayShader.shader using Guid(322ce4ac0ea0bd64eba225cf8266668c) Importer(815301076,1909f56bfc062723c751e8b465ee728b)  -> (artifact id: 'd720989cb65d50a0c6b75d3b94a1dc84') in 0.001720 seconds 
  Import took 0.003669 seconds .

========================================================================
Received Import Request.
  Time since last request: 14.030183 seconds.
  path: Assets/Shaders/NumberDisplayShader.shader
  artifactKey: Guid(322ce4ac0ea0bd64eba225cf8266668c) Importer(815301076,1909f56bfc062723c751e8b465ee728b)
Start importing Assets/Shaders/NumberDisplayShader.shader using Guid(322ce4ac0ea0bd64eba225cf8266668c) Importer(815301076,1909f56bfc062723c751e8b465ee728b)  -> (artifact id: '203758667f6a94e39f1f9c05cd956a00') in 0.001926 seconds 
  Import took 0.020840 seconds .

========================================================================
Received Import Request.
  Time since last request: 14.327640 seconds.
  path: Assets/Shaders/NumberDisplayShader.shader
  artifactKey: Guid(322ce4ac0ea0bd64eba225cf8266668c) Importer(815301076,1909f56bfc062723c751e8b465ee728b)
Start importing Assets/Shaders/NumberDisplayShader.shader using Guid(322ce4ac0ea0bd64eba225cf8266668c) Importer(815301076,1909f56bfc062723c751e8b465ee728b)  -> (artifact id: '0b172db4c4422b575f25404eeae0967a') in 0.001792 seconds 
  Import took 0.019199 seconds .

========================================================================
Received Import Request.
  Time since last request: 23.569003 seconds.
  path: Assets/Shaders/NumberDisplayMat.mat
  artifactKey: Guid(7f58da05be0cc054a97b0bf10028f04a) Importer(815301076,1909f56bfc062723c751e8b465ee728b)
Start importing Assets/Shaders/NumberDisplayMat.mat using Guid(7f58da05be0cc054a97b0bf10028f04a) Importer(815301076,1909f56bfc062723c751e8b465ee728b)  -> (artifact id: '2c9ccfba89abea8c460c2baf0a98ac9f') in 0.051968 seconds 
  Import took 0.066258 seconds .

========================================================================
Received Import Request.
  Time since last request: 10.649940 seconds.
  path: Assets/Materials
  artifactKey: Guid(c5c822e30ca63894eb8b60eec4a94bed) Importer(815301076,1909f56bfc062723c751e8b465ee728b)
Start importing Assets/Materials using Guid(c5c822e30ca63894eb8b60eec4a94bed) Importer(815301076,1909f56bfc062723c751e8b465ee728b)  -> (artifact id: '8b0a89b645a236fa8ff57770b00446fb') in 0.004343 seconds 
  Import took 0.006442 seconds .

========================================================================
Received Import Request.
  Time since last request: 11.048220 seconds.
  path: Assets/Scripts
  artifactKey: Guid(88271aeba4d298249995b96fa97758a9) Importer(815301076,1909f56bfc062723c751e8b465ee728b)
Start importing Assets/Scripts using Guid(88271aeba4d298249995b96fa97758a9) Importer(815301076,1909f56bfc062723c751e8b465ee728b)  -> (artifact id: '4af4c12212fc62d284451e0a1085f74c') in 0.004452 seconds 
  Import took 0.006227 seconds .

========================================================================
Received Import Request.
  Time since last request: 11.007042 seconds.
  path: Assets/Scripts/CameraDisplayController.cs
  artifactKey: Guid(80c0e708b6ca20a4b9098b28b42b2f3b) Importer(815301076,1909f56bfc062723c751e8b465ee728b)
Start importing Assets/Scripts/CameraDisplayController.cs using Guid(80c0e708b6ca20a4b9098b28b42b2f3b) Importer(815301076,1909f56bfc062723c751e8b465ee728b)  -> (artifact id: 'a0c1ef417e53bcece51ad1feec527b8c') in 0.047490 seconds 
  Import took 0.049539 seconds .

========================================================================
Received Prepare
Registering precompiled user dll's ...
Registered in 0.001433 seconds.
Begin MonoManager ReloadAssembly
Native extension for WindowsStandalone target not found
Refreshing native plugins compatible for Editor in 0.58 ms, found 2 plugins.
Preloading 0 native plugins for Editor in 0.00 ms.
Mono: successfully reloaded assembly
- Completed reload, in  0.667 seconds
Domain Reload Profiling:
	ReloadAssembly (667ms)
		BeginReloadAssembly (94ms)
			ExecutionOrderSort (0ms)
			DisableScriptedObjects (2ms)
			BackupInstance (0ms)
			ReleaseScriptingObjects (0ms)
			CreateAndSetChildDomain (24ms)
		EndReloadAssembly (522ms)
			LoadAssemblies (72ms)
			RebuildTransferFunctionScriptingTraits (0ms)
			SetupTypeCache (165ms)
			ReleaseScriptCaches (1ms)
			RebuildScriptCaches (23ms)
			SetupLoadedEditorAssemblies (211ms)
				LogAssemblyErrors (0ms)
				InitializePlatformSupportModulesInManaged (5ms)
				SetLoadedEditorAssemblies (1ms)
				RefreshPlugins (1ms)
				BeforeProcessingInitializeOnLoad (46ms)
				ProcessInitializeOnLoadAttributes (144ms)
				ProcessInitializeOnLoadMethodAttributes (3ms)
				AfterProcessingInitializeOnLoad (11ms)
				EditorAssembliesLoaded (0ms)
			ExecutionOrderSort2 (0ms)
			AwakeInstancesAfterBackupRestoration (5ms)
Platform modules already initialized, skipping
Refreshing native plugins compatible for Editor in 0.27 ms, found 2 plugins.
Preloading 0 native plugins for Editor in 0.00 ms.
Unloading 1392 Unused Serialized files (Serialized files now loaded: 0)
System memory in use before: 68.6 MB.
System memory in use after: 68.7 MB.

Unloading 11 unused Assets to reduce memory usage. Loaded Objects now: 1877.
Total: 1.933000 ms (FindLiveObjects: 0.103200 ms CreateObjectMapping: 0.031000 ms MarkObjects: 1.787600 ms  DeleteObjects: 0.010700 ms)

AssetImportParameters requested are different than current active one (requested -> active):
  custom:framework-win-MediaFoundation: 216162199b28c13a410421893ffa2e32 -> 
  custom:video-decoder-ogg-theora: a1e56fd34408186e4bbccfd4996cb3dc -> 
  custom:container-muxer-webm: aa71ff27fc2769a1b78a27578f13a17b -> 
  custom:container-demuxer-webm: 4f35f7cbe854078d1ac9338744f61a02 -> 
  custom:container-demuxer-ogg: 62fdf1f143b41e24485cea50d1cbac27 -> 
  custom:video-encoder-webm-vp8: eb34c28f22e8b96e1ab97ce403110664 -> 
  custom:video-codec-MediaFoundation-h265: 746d11721c4dcdbdad8f713fa42b33f4 -> 
  custom:video-decoder-webm-vp8: 9c59270c3fd7afecdb556c50c9e8de78 -> 
  custom:audio-decoder-ogg-vorbis: bf7c407c2cedff20999df2af8eb42d56 -> 
  custom:audio-encoder-webm-vorbis: bf7c407c2cedff20999df2af8eb42d56 -> 
========================================================================
Received Prepare
Registering precompiled user dll's ...
Registered in 0.001569 seconds.
Begin MonoManager ReloadAssembly
Native extension for WindowsStandalone target not found
Refreshing native plugins compatible for Editor in 0.28 ms, found 2 plugins.
Preloading 0 native plugins for Editor in 0.00 ms.
Mono: successfully reloaded assembly
- Completed reload, in  0.618 seconds
Domain Reload Profiling:
	ReloadAssembly (618ms)
		BeginReloadAssembly (97ms)
			ExecutionOrderSort (0ms)
			DisableScriptedObjects (3ms)
			BackupInstance (0ms)
			ReleaseScriptingObjects (0ms)
			CreateAndSetChildDomain (25ms)
		EndReloadAssembly (473ms)
			LoadAssemblies (68ms)
			RebuildTransferFunctionScriptingTraits (0ms)
			SetupTypeCache (155ms)
			ReleaseScriptCaches (1ms)
			RebuildScriptCaches (22ms)
			SetupLoadedEditorAssemblies (182ms)
				LogAssemblyErrors (0ms)
				InitializePlatformSupportModulesInManaged (4ms)
				SetLoadedEditorAssemblies (0ms)
				RefreshPlugins (0ms)
				BeforeProcessingInitializeOnLoad (36ms)
				ProcessInitializeOnLoadAttributes (127ms)
				ProcessInitializeOnLoadMethodAttributes (3ms)
				AfterProcessingInitializeOnLoad (11ms)
				EditorAssembliesLoaded (0ms)
			ExecutionOrderSort2 (0ms)
			AwakeInstancesAfterBackupRestoration (4ms)
Platform modules already initialized, skipping
Refreshing native plugins compatible for Editor in 0.21 ms, found 2 plugins.
Preloading 0 native plugins for Editor in 0.00 ms.
Unloading 1391 Unused Serialized files (Serialized files now loaded: 0)
System memory in use before: 68.4 MB.
System memory in use after: 68.5 MB.

Unloading 11 unused Assets to reduce memory usage. Loaded Objects now: 1879.
Total: 2.009700 ms (FindLiveObjects: 0.099700 ms CreateObjectMapping: 0.031200 ms MarkObjects: 1.867300 ms  DeleteObjects: 0.010500 ms)

AssetImportParameters requested are different than current active one (requested -> active):
  custom:framework-win-MediaFoundation: 216162199b28c13a410421893ffa2e32 -> 
  custom:video-decoder-ogg-theora: a1e56fd34408186e4bbccfd4996cb3dc -> 
  custom:container-muxer-webm: aa71ff27fc2769a1b78a27578f13a17b -> 
  custom:container-demuxer-webm: 4f35f7cbe854078d1ac9338744f61a02 -> 
  custom:container-demuxer-ogg: 62fdf1f143b41e24485cea50d1cbac27 -> 
  custom:video-encoder-webm-vp8: eb34c28f22e8b96e1ab97ce403110664 -> 
  custom:video-codec-MediaFoundation-h265: 746d11721c4dcdbdad8f713fa42b33f4 -> 
  custom:video-decoder-webm-vp8: 9c59270c3fd7afecdb556c50c9e8de78 -> 
  custom:audio-decoder-ogg-vorbis: bf7c407c2cedff20999df2af8eb42d56 -> 
  custom:audio-encoder-webm-vorbis: bf7c407c2cedff20999df2af8eb42d56 -> 
========================================================================
Received Import Request.
  Time since last request: 52.740677 seconds.
  path: Assets/Scripts/CameraDisplayController.cs
  artifactKey: Guid(80c0e708b6ca20a4b9098b28b42b2f3b) Importer(815301076,1909f56bfc062723c751e8b465ee728b)
Start importing Assets/Scripts/CameraDisplayController.cs using Guid(80c0e708b6ca20a4b9098b28b42b2f3b) Importer(815301076,1909f56bfc062723c751e8b465ee728b)  -> (artifact id: 'ba181c4fd96aca84ef1dd098be5cb95a') in 0.002849 seconds 
  Import took 0.004301 seconds .

========================================================================
Received Import Request.
  Time since last request: 4.768063 seconds.
  path: Assets/Scripts/CameraPostProcessController.cs
  artifactKey: Guid(80c0e708b6ca20a4b9098b28b42b2f3b) Importer(815301076,1909f56bfc062723c751e8b465ee728b)
Start importing Assets/Scripts/CameraPostProcessController.cs using Guid(80c0e708b6ca20a4b9098b28b42b2f3b) Importer(815301076,1909f56bfc062723c751e8b465ee728b)  -> (artifact id: 'f887bb4f70b5176a58b3e96190bd500f') in 0.005071 seconds 
  Import took 0.021341 seconds .

========================================================================
Received Prepare
Registering precompiled user dll's ...
Registered in 0.001457 seconds.
Begin MonoManager ReloadAssembly
Native extension for WindowsStandalone target not found
Refreshing native plugins compatible for Editor in 0.28 ms, found 2 plugins.
Preloading 0 native plugins for Editor in 0.00 ms.
Mono: successfully reloaded assembly
- Completed reload, in  0.620 seconds
Domain Reload Profiling:
	ReloadAssembly (620ms)
		BeginReloadAssembly (98ms)
			ExecutionOrderSort (0ms)
			DisableScriptedObjects (3ms)
			BackupInstance (0ms)
			ReleaseScriptingObjects (0ms)
			CreateAndSetChildDomain (24ms)
		EndReloadAssembly (474ms)
			LoadAssemblies (68ms)
			RebuildTransferFunctionScriptingTraits (0ms)
			SetupTypeCache (154ms)
			ReleaseScriptCaches (1ms)
			RebuildScriptCaches (22ms)
			SetupLoadedEditorAssemblies (185ms)
				LogAssemblyErrors (0ms)
				InitializePlatformSupportModulesInManaged (4ms)
				SetLoadedEditorAssemblies (0ms)
				RefreshPlugins (0ms)
				BeforeProcessingInitializeOnLoad (37ms)
				ProcessInitializeOnLoadAttributes (130ms)
				ProcessInitializeOnLoadMethodAttributes (3ms)
				AfterProcessingInitializeOnLoad (11ms)
				EditorAssembliesLoaded (0ms)
			ExecutionOrderSort2 (0ms)
			AwakeInstancesAfterBackupRestoration (4ms)
Platform modules already initialized, skipping
Refreshing native plugins compatible for Editor in 0.25 ms, found 2 plugins.
Preloading 0 native plugins for Editor in 0.00 ms.
Unloading 1391 Unused Serialized files (Serialized files now loaded: 0)
System memory in use before: 68.4 MB.
System memory in use after: 68.5 MB.

Unloading 11 unused Assets to reduce memory usage. Loaded Objects now: 1881.
Total: 1.917800 ms (FindLiveObjects: 0.098100 ms CreateObjectMapping: 0.026400 ms MarkObjects: 1.781800 ms  DeleteObjects: 0.010800 ms)

AssetImportParameters requested are different than current active one (requested -> active):
  custom:framework-win-MediaFoundation: 216162199b28c13a410421893ffa2e32 -> 
  custom:video-decoder-ogg-theora: a1e56fd34408186e4bbccfd4996cb3dc -> 
  custom:container-muxer-webm: aa71ff27fc2769a1b78a27578f13a17b -> 
  custom:container-demuxer-webm: 4f35f7cbe854078d1ac9338744f61a02 -> 
  custom:container-demuxer-ogg: 62fdf1f143b41e24485cea50d1cbac27 -> 
  custom:video-encoder-webm-vp8: eb34c28f22e8b96e1ab97ce403110664 -> 
  custom:video-codec-MediaFoundation-h265: 746d11721c4dcdbdad8f713fa42b33f4 -> 
  custom:video-decoder-webm-vp8: 9c59270c3fd7afecdb556c50c9e8de78 -> 
  custom:audio-decoder-ogg-vorbis: bf7c407c2cedff20999df2af8eb42d56 -> 
  custom:audio-encoder-webm-vorbis: bf7c407c2cedff20999df2af8eb42d56 -> 
========================================================================
Received Prepare
Registering precompiled user dll's ...
Registered in 0.001649 seconds.
Begin MonoManager ReloadAssembly
Native extension for WindowsStandalone target not found
Refreshing native plugins compatible for Editor in 0.28 ms, found 2 plugins.
Preloading 0 native plugins for Editor in 0.00 ms.
Mono: successfully reloaded assembly
- Completed reload, in  0.619 seconds
Domain Reload Profiling:
	ReloadAssembly (619ms)
		BeginReloadAssembly (98ms)
			ExecutionOrderSort (0ms)
			DisableScriptedObjects (3ms)
			BackupInstance (0ms)
			ReleaseScriptingObjects (0ms)
			CreateAndSetChildDomain (22ms)
		EndReloadAssembly (473ms)
			LoadAssemblies (71ms)
			RebuildTransferFunctionScriptingTraits (0ms)
			SetupTypeCache (154ms)
			ReleaseScriptCaches (1ms)
			RebuildScriptCaches (23ms)
			SetupLoadedEditorAssemblies (182ms)
				LogAssemblyErrors (0ms)
				InitializePlatformSupportModulesInManaged (4ms)
				SetLoadedEditorAssemblies (0ms)
				RefreshPlugins (0ms)
				BeforeProcessingInitializeOnLoad (37ms)
				ProcessInitializeOnLoadAttributes (127ms)
				ProcessInitializeOnLoadMethodAttributes (3ms)
				AfterProcessingInitializeOnLoad (11ms)
				EditorAssembliesLoaded (0ms)
			ExecutionOrderSort2 (0ms)
			AwakeInstancesAfterBackupRestoration (4ms)
Platform modules already initialized, skipping
Refreshing native plugins compatible for Editor in 0.21 ms, found 2 plugins.
Preloading 0 native plugins for Editor in 0.00 ms.
Unloading 1391 Unused Serialized files (Serialized files now loaded: 0)
System memory in use before: 68.4 MB.
System memory in use after: 68.5 MB.

Unloading 11 unused Assets to reduce memory usage. Loaded Objects now: 1883.
Total: 1.976100 ms (FindLiveObjects: 0.097900 ms CreateObjectMapping: 0.032100 ms MarkObjects: 1.834800 ms  DeleteObjects: 0.010400 ms)

AssetImportParameters requested are different than current active one (requested -> active):
  custom:framework-win-MediaFoundation: 216162199b28c13a410421893ffa2e32 -> 
  custom:video-decoder-ogg-theora: a1e56fd34408186e4bbccfd4996cb3dc -> 
  custom:container-muxer-webm: aa71ff27fc2769a1b78a27578f13a17b -> 
  custom:container-demuxer-webm: 4f35f7cbe854078d1ac9338744f61a02 -> 
  custom:container-demuxer-ogg: 62fdf1f143b41e24485cea50d1cbac27 -> 
  custom:video-encoder-webm-vp8: eb34c28f22e8b96e1ab97ce403110664 -> 
  custom:video-codec-MediaFoundation-h265: 746d11721c4dcdbdad8f713fa42b33f4 -> 
  custom:video-decoder-webm-vp8: 9c59270c3fd7afecdb556c50c9e8de78 -> 
  custom:audio-decoder-ogg-vorbis: bf7c407c2cedff20999df2af8eb42d56 -> 
  custom:audio-encoder-webm-vorbis: bf7c407c2cedff20999df2af8eb42d56 -> 
========================================================================
Received Import Request.
  Time since last request: 38.406329 seconds.
  path: Assets/Scripts/CameraPostProcessController.cs
  artifactKey: Guid(80c0e708b6ca20a4b9098b28b42b2f3b) Importer(815301076,1909f56bfc062723c751e8b465ee728b)
Start importing Assets/Scripts/CameraPostProcessController.cs using Guid(80c0e708b6ca20a4b9098b28b42b2f3b) Importer(815301076,1909f56bfc062723c751e8b465ee728b)  -> (artifact id: 'ca91651bdf49b26369a6904e2ca2c3ba') in 0.002696 seconds 
  Import took 0.024862 seconds .

========================================================================
Received Prepare
Registering precompiled user dll's ...
Registered in 0.001519 seconds.
Begin MonoManager ReloadAssembly
Native extension for WindowsStandalone target not found
Refreshing native plugins compatible for Editor in 0.28 ms, found 2 plugins.
Preloading 0 native plugins for Editor in 0.00 ms.
Mono: successfully reloaded assembly
- Completed reload, in  0.637 seconds
Domain Reload Profiling:
	ReloadAssembly (637ms)
		BeginReloadAssembly (104ms)
			ExecutionOrderSort (0ms)
			DisableScriptedObjects (3ms)
			BackupInstance (0ms)
			ReleaseScriptingObjects (0ms)
			CreateAndSetChildDomain (23ms)
		EndReloadAssembly (481ms)
			LoadAssemblies (70ms)
			RebuildTransferFunctionScriptingTraits (0ms)
			SetupTypeCache (162ms)
			ReleaseScriptCaches (1ms)
			RebuildScriptCaches (22ms)
			SetupLoadedEditorAssemblies (182ms)
				LogAssemblyErrors (0ms)
				InitializePlatformSupportModulesInManaged (4ms)
				SetLoadedEditorAssemblies (0ms)
				RefreshPlugins (0ms)
				BeforeProcessingInitializeOnLoad (36ms)
				ProcessInitializeOnLoadAttributes (128ms)
				ProcessInitializeOnLoadMethodAttributes (3ms)
				AfterProcessingInitializeOnLoad (11ms)
				EditorAssembliesLoaded (0ms)
			ExecutionOrderSort2 (0ms)
			AwakeInstancesAfterBackupRestoration (4ms)
Platform modules already initialized, skipping
Refreshing native plugins compatible for Editor in 0.19 ms, found 2 plugins.
Preloading 0 native plugins for Editor in 0.00 ms.
Unloading 1391 Unused Serialized files (Serialized files now loaded: 0)
System memory in use before: 68.4 MB.
System memory in use after: 68.5 MB.

Unloading 11 unused Assets to reduce memory usage. Loaded Objects now: 1885.
Total: 2.129000 ms (FindLiveObjects: 0.112600 ms CreateObjectMapping: 0.031300 ms MarkObjects: 1.973300 ms  DeleteObjects: 0.011100 ms)

AssetImportParameters requested are different than current active one (requested -> active):
  custom:framework-win-MediaFoundation: 216162199b28c13a410421893ffa2e32 -> 
  custom:video-decoder-ogg-theora: a1e56fd34408186e4bbccfd4996cb3dc -> 
  custom:container-muxer-webm: aa71ff27fc2769a1b78a27578f13a17b -> 
  custom:container-demuxer-webm: 4f35f7cbe854078d1ac9338744f61a02 -> 
  custom:container-demuxer-ogg: 62fdf1f143b41e24485cea50d1cbac27 -> 
  custom:video-encoder-webm-vp8: eb34c28f22e8b96e1ab97ce403110664 -> 
  custom:video-codec-MediaFoundation-h265: 746d11721c4dcdbdad8f713fa42b33f4 -> 
  custom:video-decoder-webm-vp8: 9c59270c3fd7afecdb556c50c9e8de78 -> 
  custom:audio-decoder-ogg-vorbis: bf7c407c2cedff20999df2af8eb42d56 -> 
  custom:audio-encoder-webm-vorbis: bf7c407c2cedff20999df2af8eb42d56 -> 
========================================================================
Received Prepare
Registering precompiled user dll's ...
Registered in 0.001522 seconds.
Begin MonoManager ReloadAssembly
Native extension for WindowsStandalone target not found
Refreshing native plugins compatible for Editor in 0.28 ms, found 2 plugins.
Preloading 0 native plugins for Editor in 0.00 ms.
Mono: successfully reloaded assembly
- Completed reload, in  0.620 seconds
Domain Reload Profiling:
	ReloadAssembly (620ms)
		BeginReloadAssembly (97ms)
			ExecutionOrderSort (0ms)
			DisableScriptedObjects (3ms)
			BackupInstance (0ms)
			ReleaseScriptingObjects (0ms)
			CreateAndSetChildDomain (22ms)
		EndReloadAssembly (474ms)
			LoadAssemblies (69ms)
			RebuildTransferFunctionScriptingTraits (0ms)
			SetupTypeCache (154ms)
			ReleaseScriptCaches (1ms)
			RebuildScriptCaches (22ms)
			SetupLoadedEditorAssemblies (182ms)
				LogAssemblyErrors (0ms)
				InitializePlatformSupportModulesInManaged (4ms)
				SetLoadedEditorAssemblies (0ms)
				RefreshPlugins (0ms)
				BeforeProcessingInitializeOnLoad (36ms)
				ProcessInitializeOnLoadAttributes (128ms)
				ProcessInitializeOnLoadMethodAttributes (3ms)
				AfterProcessingInitializeOnLoad (11ms)
				EditorAssembliesLoaded (0ms)
			ExecutionOrderSort2 (0ms)
			AwakeInstancesAfterBackupRestoration (4ms)
Platform modules already initialized, skipping
Refreshing native plugins compatible for Editor in 0.27 ms, found 2 plugins.
Preloading 0 native plugins for Editor in 0.00 ms.
Unloading 1391 Unused Serialized files (Serialized files now loaded: 0)
System memory in use before: 68.4 MB.
System memory in use after: 68.6 MB.

Unloading 11 unused Assets to reduce memory usage. Loaded Objects now: 1887.
Total: 2.331400 ms (FindLiveObjects: 0.129100 ms CreateObjectMapping: 0.036900 ms MarkObjects: 2.151000 ms  DeleteObjects: 0.013600 ms)

AssetImportParameters requested are different than current active one (requested -> active):
  custom:framework-win-MediaFoundation: 216162199b28c13a410421893ffa2e32 -> 
  custom:video-decoder-ogg-theora: a1e56fd34408186e4bbccfd4996cb3dc -> 
  custom:container-muxer-webm: aa71ff27fc2769a1b78a27578f13a17b -> 
  custom:container-demuxer-webm: 4f35f7cbe854078d1ac9338744f61a02 -> 
  custom:container-demuxer-ogg: 62fdf1f143b41e24485cea50d1cbac27 -> 
  custom:video-encoder-webm-vp8: eb34c28f22e8b96e1ab97ce403110664 -> 
  custom:video-codec-MediaFoundation-h265: 746d11721c4dcdbdad8f713fa42b33f4 -> 
  custom:video-decoder-webm-vp8: 9c59270c3fd7afecdb556c50c9e8de78 -> 
  custom:audio-decoder-ogg-vorbis: bf7c407c2cedff20999df2af8eb42d56 -> 
  custom:audio-encoder-webm-vorbis: bf7c407c2cedff20999df2af8eb42d56 -> 
========================================================================
Received Prepare
Registering precompiled user dll's ...
Registered in 0.001488 seconds.
Begin MonoManager ReloadAssembly
Native extension for WindowsStandalone target not found
Refreshing native plugins compatible for Editor in 0.28 ms, found 2 plugins.
Preloading 0 native plugins for Editor in 0.00 ms.
Mono: successfully reloaded assembly
- Completed reload, in  0.612 seconds
Domain Reload Profiling:
	ReloadAssembly (612ms)
		BeginReloadAssembly (97ms)
			ExecutionOrderSort (0ms)
			DisableScriptedObjects (3ms)
			BackupInstance (0ms)
			ReleaseScriptingObjects (0ms)
			CreateAndSetChildDomain (21ms)
		EndReloadAssembly (467ms)
			LoadAssemblies (67ms)
			RebuildTransferFunctionScriptingTraits (0ms)
			SetupTypeCache (152ms)
			ReleaseScriptCaches (1ms)
			RebuildScriptCaches (22ms)
			SetupLoadedEditorAssemblies (181ms)
				LogAssemblyErrors (0ms)
				InitializePlatformSupportModulesInManaged (4ms)
				SetLoadedEditorAssemblies (0ms)
				RefreshPlugins (0ms)
				BeforeProcessingInitializeOnLoad (36ms)
				ProcessInitializeOnLoadAttributes (127ms)
				ProcessInitializeOnLoadMethodAttributes (3ms)
				AfterProcessingInitializeOnLoad (11ms)
				EditorAssembliesLoaded (0ms)
			ExecutionOrderSort2 (0ms)
			AwakeInstancesAfterBackupRestoration (4ms)
Platform modules already initialized, skipping
Refreshing native plugins compatible for Editor in 0.26 ms, found 2 plugins.
Preloading 0 native plugins for Editor in 0.00 ms.
Unloading 1391 Unused Serialized files (Serialized files now loaded: 0)
System memory in use before: 68.5 MB.
System memory in use after: 68.6 MB.

Unloading 11 unused Assets to reduce memory usage. Loaded Objects now: 1889.
Total: 2.067900 ms (FindLiveObjects: 0.105800 ms CreateObjectMapping: 0.031100 ms MarkObjects: 1.920200 ms  DeleteObjects: 0.010300 ms)

AssetImportParameters requested are different than current active one (requested -> active):
  custom:framework-win-MediaFoundation: 216162199b28c13a410421893ffa2e32 -> 
  custom:video-decoder-ogg-theora: a1e56fd34408186e4bbccfd4996cb3dc -> 
  custom:container-muxer-webm: aa71ff27fc2769a1b78a27578f13a17b -> 
  custom:container-demuxer-webm: 4f35f7cbe854078d1ac9338744f61a02 -> 
  custom:container-demuxer-ogg: 62fdf1f143b41e24485cea50d1cbac27 -> 
  custom:video-encoder-webm-vp8: eb34c28f22e8b96e1ab97ce403110664 -> 
  custom:video-codec-MediaFoundation-h265: 746d11721c4dcdbdad8f713fa42b33f4 -> 
  custom:video-decoder-webm-vp8: 9c59270c3fd7afecdb556c50c9e8de78 -> 
  custom:audio-decoder-ogg-vorbis: bf7c407c2cedff20999df2af8eb42d56 -> 
  custom:audio-encoder-webm-vorbis: bf7c407c2cedff20999df2af8eb42d56 -> 
========================================================================
Received Prepare
Registering precompiled user dll's ...
Registered in 0.001453 seconds.
Begin MonoManager ReloadAssembly
Native extension for WindowsStandalone target not found
Refreshing native plugins compatible for Editor in 0.29 ms, found 2 plugins.
Preloading 0 native plugins for Editor in 0.00 ms.
Mono: successfully reloaded assembly
- Completed reload, in  0.622 seconds
Domain Reload Profiling:
	ReloadAssembly (622ms)
		BeginReloadAssembly (101ms)
			ExecutionOrderSort (0ms)
			DisableScriptedObjects (3ms)
			BackupInstance (0ms)
			ReleaseScriptingObjects (0ms)
			CreateAndSetChildDomain (23ms)
		EndReloadAssembly (471ms)
			LoadAssemblies (68ms)
			RebuildTransferFunctionScriptingTraits (0ms)
			SetupTypeCache (150ms)
			ReleaseScriptCaches (1ms)
			RebuildScriptCaches (23ms)
			SetupLoadedEditorAssemblies (184ms)
				LogAssemblyErrors (0ms)
				InitializePlatformSupportModulesInManaged (4ms)
				SetLoadedEditorAssemblies (0ms)
				RefreshPlugins (0ms)
				BeforeProcessingInitializeOnLoad (37ms)
				ProcessInitializeOnLoadAttributes (129ms)
				ProcessInitializeOnLoadMethodAttributes (3ms)
				AfterProcessingInitializeOnLoad (11ms)
				EditorAssembliesLoaded (0ms)
			ExecutionOrderSort2 (0ms)
			AwakeInstancesAfterBackupRestoration (4ms)
Platform modules already initialized, skipping
Refreshing native plugins compatible for Editor in 0.20 ms, found 2 plugins.
Preloading 0 native plugins for Editor in 0.00 ms.
Unloading 1391 Unused Serialized files (Serialized files now loaded: 0)
System memory in use before: 68.5 MB.
System memory in use after: 68.6 MB.

Unloading 11 unused Assets to reduce memory usage. Loaded Objects now: 1891.
Total: 1.938600 ms (FindLiveObjects: 0.120700 ms CreateObjectMapping: 0.031200 ms MarkObjects: 1.775900 ms  DeleteObjects: 0.010300 ms)

AssetImportParameters requested are different than current active one (requested -> active):
  custom:framework-win-MediaFoundation: 216162199b28c13a410421893ffa2e32 -> 
  custom:video-decoder-ogg-theora: a1e56fd34408186e4bbccfd4996cb3dc -> 
  custom:container-muxer-webm: aa71ff27fc2769a1b78a27578f13a17b -> 
  custom:container-demuxer-webm: 4f35f7cbe854078d1ac9338744f61a02 -> 
  custom:container-demuxer-ogg: 62fdf1f143b41e24485cea50d1cbac27 -> 
  custom:video-encoder-webm-vp8: eb34c28f22e8b96e1ab97ce403110664 -> 
  custom:video-codec-MediaFoundation-h265: 746d11721c4dcdbdad8f713fa42b33f4 -> 
  custom:video-decoder-webm-vp8: 9c59270c3fd7afecdb556c50c9e8de78 -> 
  custom:audio-decoder-ogg-vorbis: bf7c407c2cedff20999df2af8eb42d56 -> 
  custom:audio-encoder-webm-vorbis: bf7c407c2cedff20999df2af8eb42d56 -> 
========================================================================
Received Prepare
Registering precompiled user dll's ...
Registered in 0.001533 seconds.
Begin MonoManager ReloadAssembly
Native extension for WindowsStandalone target not found
Refreshing native plugins compatible for Editor in 0.30 ms, found 2 plugins.
Preloading 0 native plugins for Editor in 0.00 ms.
Mono: successfully reloaded assembly
- Completed reload, in  0.618 seconds
Domain Reload Profiling:
	ReloadAssembly (618ms)
		BeginReloadAssembly (94ms)
			ExecutionOrderSort (0ms)
			DisableScriptedObjects (3ms)
			BackupInstance (0ms)
			ReleaseScriptingObjects (0ms)
			CreateAndSetChildDomain (22ms)
		EndReloadAssembly (475ms)
			LoadAssemblies (69ms)
			RebuildTransferFunctionScriptingTraits (0ms)
			SetupTypeCache (150ms)
			ReleaseScriptCaches (1ms)
			RebuildScriptCaches (22ms)
			SetupLoadedEditorAssemblies (186ms)
				LogAssemblyErrors (0ms)
				InitializePlatformSupportModulesInManaged (5ms)
				SetLoadedEditorAssemblies (0ms)
				RefreshPlugins (0ms)
				BeforeProcessingInitializeOnLoad (37ms)
				ProcessInitializeOnLoadAttributes (130ms)
				ProcessInitializeOnLoadMethodAttributes (3ms)
				AfterProcessingInitializeOnLoad (11ms)
				EditorAssembliesLoaded (0ms)
			ExecutionOrderSort2 (0ms)
			AwakeInstancesAfterBackupRestoration (4ms)
Platform modules already initialized, skipping
Refreshing native plugins compatible for Editor in 0.23 ms, found 2 plugins.
Preloading 0 native plugins for Editor in 0.00 ms.
Unloading 1391 Unused Serialized files (Serialized files now loaded: 0)
System memory in use before: 68.5 MB.
System memory in use after: 68.6 MB.

Unloading 11 unused Assets to reduce memory usage. Loaded Objects now: 1893.
Total: 2.240800 ms (FindLiveObjects: 0.128800 ms CreateObjectMapping: 0.035900 ms MarkObjects: 2.065000 ms  DeleteObjects: 0.010600 ms)

AssetImportParameters requested are different than current active one (requested -> active):
  custom:framework-win-MediaFoundation: 216162199b28c13a410421893ffa2e32 -> 
  custom:video-decoder-ogg-theora: a1e56fd34408186e4bbccfd4996cb3dc -> 
  custom:container-muxer-webm: aa71ff27fc2769a1b78a27578f13a17b -> 
  custom:container-demuxer-webm: 4f35f7cbe854078d1ac9338744f61a02 -> 
  custom:container-demuxer-ogg: 62fdf1f143b41e24485cea50d1cbac27 -> 
  custom:video-encoder-webm-vp8: eb34c28f22e8b96e1ab97ce403110664 -> 
  custom:video-codec-MediaFoundation-h265: 746d11721c4dcdbdad8f713fa42b33f4 -> 
  custom:video-decoder-webm-vp8: 9c59270c3fd7afecdb556c50c9e8de78 -> 
  custom:audio-decoder-ogg-vorbis: bf7c407c2cedff20999df2af8eb42d56 -> 
  custom:audio-encoder-webm-vorbis: bf7c407c2cedff20999df2af8eb42d56 -> 
========================================================================
Received Prepare
Registering precompiled user dll's ...
Registered in 0.001549 seconds.
Begin MonoManager ReloadAssembly
Native extension for WindowsStandalone target not found
Refreshing native plugins compatible for Editor in 0.28 ms, found 2 plugins.
Preloading 0 native plugins for Editor in 0.00 ms.
Mono: successfully reloaded assembly
- Completed reload, in  0.614 seconds
Domain Reload Profiling:
	ReloadAssembly (614ms)
		BeginReloadAssembly (97ms)
			ExecutionOrderSort (0ms)
			DisableScriptedObjects (3ms)
			BackupInstance (0ms)
			ReleaseScriptingObjects (0ms)
			CreateAndSetChildDomain (22ms)
		EndReloadAssembly (469ms)
			LoadAssemblies (67ms)
			RebuildTransferFunctionScriptingTraits (0ms)
			SetupTypeCache (152ms)
			ReleaseScriptCaches (1ms)
			RebuildScriptCaches (22ms)
			SetupLoadedEditorAssemblies (181ms)
				LogAssemblyErrors (0ms)
				InitializePlatformSupportModulesInManaged (4ms)
				SetLoadedEditorAssemblies (0ms)
				RefreshPlugins (0ms)
				BeforeProcessingInitializeOnLoad (37ms)
				ProcessInitializeOnLoadAttributes (126ms)
				ProcessInitializeOnLoadMethodAttributes (3ms)
				AfterProcessingInitializeOnLoad (11ms)
				EditorAssembliesLoaded (0ms)
			ExecutionOrderSort2 (0ms)
			AwakeInstancesAfterBackupRestoration (4ms)
Platform modules already initialized, skipping
Refreshing native plugins compatible for Editor in 0.21 ms, found 2 plugins.
Preloading 0 native plugins for Editor in 0.00 ms.
Unloading 1391 Unused Serialized files (Serialized files now loaded: 0)
System memory in use before: 68.5 MB.
System memory in use after: 68.6 MB.

Unloading 11 unused Assets to reduce memory usage. Loaded Objects now: 1895.
Total: 2.132800 ms (FindLiveObjects: 0.100800 ms CreateObjectMapping: 0.032000 ms MarkObjects: 1.988900 ms  DeleteObjects: 0.010500 ms)

AssetImportParameters requested are different than current active one (requested -> active):
  custom:framework-win-MediaFoundation: 216162199b28c13a410421893ffa2e32 -> 
  custom:video-decoder-ogg-theora: a1e56fd34408186e4bbccfd4996cb3dc -> 
  custom:container-muxer-webm: aa71ff27fc2769a1b78a27578f13a17b -> 
  custom:container-demuxer-webm: 4f35f7cbe854078d1ac9338744f61a02 -> 
  custom:container-demuxer-ogg: 62fdf1f143b41e24485cea50d1cbac27 -> 
  custom:video-encoder-webm-vp8: eb34c28f22e8b96e1ab97ce403110664 -> 
  custom:video-codec-MediaFoundation-h265: 746d11721c4dcdbdad8f713fa42b33f4 -> 
  custom:video-decoder-webm-vp8: 9c59270c3fd7afecdb556c50c9e8de78 -> 
  custom:audio-decoder-ogg-vorbis: bf7c407c2cedff20999df2af8eb42d56 -> 
  custom:audio-encoder-webm-vorbis: bf7c407c2cedff20999df2af8eb42d56 -> 
========================================================================
Received Import Request.
  Time since last request: 2300.417491 seconds.
  path: Assets/Shaders/NumberDisplayShader.shader
  artifactKey: Guid(322ce4ac0ea0bd64eba225cf8266668c) Importer(815301076,1909f56bfc062723c751e8b465ee728b)
Start importing Assets/Shaders/NumberDisplayShader.shader using Guid(322ce4ac0ea0bd64eba225cf8266668c) Importer(815301076,1909f56bfc062723c751e8b465ee728b)  -> (artifact id: 'ee3cfa67c7ec64901188ee19cc533068') in 0.011632 seconds 
  Import took 0.027901 seconds .

========================================================================
Received Import Request.
  Time since last request: 5.942514 seconds.
  path: Assets/Shaders/NumberDisplayShader.shader
  artifactKey: Guid(322ce4ac0ea0bd64eba225cf8266668c) Importer(815301076,1909f56bfc062723c751e8b465ee728b)
Start importing Assets/Shaders/NumberDisplayShader.shader using Guid(322ce4ac0ea0bd64eba225cf8266668c) Importer(815301076,1909f56bfc062723c751e8b465ee728b)  -> (artifact id: '5559c3cd4f1ce436e8c540e39c8ec25d') in 0.001545 seconds 
  Import took 0.015996 seconds .

========================================================================
Received Import Request.
  Time since last request: 8.171387 seconds.
  path: Assets/Shaders/NumberDisplayShader.shader
  artifactKey: Guid(322ce4ac0ea0bd64eba225cf8266668c) Importer(815301076,1909f56bfc062723c751e8b465ee728b)
Start importing Assets/Shaders/NumberDisplayShader.shader using Guid(322ce4ac0ea0bd64eba225cf8266668c) Importer(815301076,1909f56bfc062723c751e8b465ee728b)  -> (artifact id: '6a1961b768fedd1298f674dc9ced1adf') in 0.001516 seconds 
  Import took 0.006998 seconds .

========================================================================
Received Import Request.
  Time since last request: 18.433399 seconds.
  path: Assets/Shaders/NumberDisplayShader.shader
  artifactKey: Guid(322ce4ac0ea0bd64eba225cf8266668c) Importer(815301076,1909f56bfc062723c751e8b465ee728b)
Start importing Assets/Shaders/NumberDisplayShader.shader using Guid(322ce4ac0ea0bd64eba225cf8266668c) Importer(815301076,1909f56bfc062723c751e8b465ee728b)  -> (artifact id: 'a5a120fe3a4bbbc93ee70a7583d29032') in 0.001338 seconds 
  Import took 0.003171 seconds .

========================================================================
Received Import Request.
  Time since last request: 12.888127 seconds.
  path: Assets/Shaders/NumberDisplayShader.shader
  artifactKey: Guid(322ce4ac0ea0bd64eba225cf8266668c) Importer(815301076,1909f56bfc062723c751e8b465ee728b)
Start importing Assets/Shaders/NumberDisplayShader.shader using Guid(322ce4ac0ea0bd64eba225cf8266668c) Importer(815301076,1909f56bfc062723c751e8b465ee728b)  -> (artifact id: 'a8d614ffdc69f3171a9405e6ece38dbd') in 0.001270 seconds 
  Import took 0.003274 seconds .

========================================================================
Received Import Request.
  Time since last request: 0.001999 seconds.
  path: Assets/Shaders/NumberDisplayShader.shader
  artifactKey: Guid(322ce4ac0ea0bd64eba225cf8266668c) Importer(815301076,1909f56bfc062723c751e8b465ee728b)
Start importing Assets/Shaders/NumberDisplayShader.shader using Guid(322ce4ac0ea0bd64eba225cf8266668c) Importer(815301076,1909f56bfc062723c751e8b465ee728b)  -> (artifact id: 'a8d614ffdc69f3171a9405e6ece38dbd') in 0.001243 seconds 
  Import took 0.002790 seconds .

========================================================================
Received Import Request.
  Time since last request: 59.242948 seconds.
  path: Assets/Shaders/NumberDisplayShader.shader
  artifactKey: Guid(322ce4ac0ea0bd64eba225cf8266668c) Importer(815301076,1909f56bfc062723c751e8b465ee728b)
Start importing Assets/Shaders/NumberDisplayShader.shader using Guid(322ce4ac0ea0bd64eba225cf8266668c) Importer(815301076,1909f56bfc062723c751e8b465ee728b)  -> (artifact id: 'ed64c102c8bcdb517714160bf02ed6f3') in 0.001636 seconds 
  Import took 0.003733 seconds .

========================================================================
Received Prepare
Registering precompiled user dll's ...
Registered in 0.001847 seconds.
Begin MonoManager ReloadAssembly
Native extension for WindowsStandalone target not found
Refreshing native plugins compatible for Editor in 0.28 ms, found 2 plugins.
Preloading 0 native plugins for Editor in 0.00 ms.
Mono: successfully reloaded assembly
- Completed reload, in  0.620 seconds
Domain Reload Profiling:
	ReloadAssembly (621ms)
		BeginReloadAssembly (96ms)
			ExecutionOrderSort (0ms)
			DisableScriptedObjects (3ms)
			BackupInstance (0ms)
			ReleaseScriptingObjects (0ms)
			CreateAndSetChildDomain (21ms)
		EndReloadAssembly (473ms)
			LoadAssemblies (68ms)
			RebuildTransferFunctionScriptingTraits (0ms)
			SetupTypeCache (157ms)
			ReleaseScriptCaches (1ms)
			RebuildScriptCaches (21ms)
			SetupLoadedEditorAssemblies (181ms)
				LogAssemblyErrors (0ms)
				InitializePlatformSupportModulesInManaged (4ms)
				SetLoadedEditorAssemblies (0ms)
				RefreshPlugins (0ms)
				BeforeProcessingInitializeOnLoad (36ms)
				ProcessInitializeOnLoadAttributes (127ms)
				ProcessInitializeOnLoadMethodAttributes (3ms)
				AfterProcessingInitializeOnLoad (11ms)
				EditorAssembliesLoaded (0ms)
			ExecutionOrderSort2 (0ms)
			AwakeInstancesAfterBackupRestoration (4ms)
Platform modules already initialized, skipping
Refreshing native plugins compatible for Editor in 0.23 ms, found 2 plugins.
Preloading 0 native plugins for Editor in 0.00 ms.
Unloading 1391 Unused Serialized files (Serialized files now loaded: 0)
System memory in use before: 68.5 MB.
System memory in use after: 68.6 MB.

Unloading 11 unused Assets to reduce memory usage. Loaded Objects now: 1897.
Total: 1.976500 ms (FindLiveObjects: 0.103200 ms CreateObjectMapping: 0.030400 ms MarkObjects: 1.831700 ms  DeleteObjects: 0.010500 ms)

AssetImportParameters requested are different than current active one (requested -> active):
  custom:framework-win-MediaFoundation: 216162199b28c13a410421893ffa2e32 -> 
  custom:video-decoder-ogg-theora: a1e56fd34408186e4bbccfd4996cb3dc -> 
  custom:container-muxer-webm: aa71ff27fc2769a1b78a27578f13a17b -> 
  custom:container-demuxer-webm: 4f35f7cbe854078d1ac9338744f61a02 -> 
  custom:container-demuxer-ogg: 62fdf1f143b41e24485cea50d1cbac27 -> 
  custom:video-encoder-webm-vp8: eb34c28f22e8b96e1ab97ce403110664 -> 
  custom:video-codec-MediaFoundation-h265: 746d11721c4dcdbdad8f713fa42b33f4 -> 
  custom:video-decoder-webm-vp8: 9c59270c3fd7afecdb556c50c9e8de78 -> 
  custom:audio-decoder-ogg-vorbis: bf7c407c2cedff20999df2af8eb42d56 -> 
  custom:audio-encoder-webm-vorbis: bf7c407c2cedff20999df2af8eb42d56 -> 
========================================================================
Received Import Request.
  Time since last request: 101.578547 seconds.
  path: Assets/Shaders/NumberDisplayShader.shader
  artifactKey: Guid(322ce4ac0ea0bd64eba225cf8266668c) Importer(815301076,1909f56bfc062723c751e8b465ee728b)
Start importing Assets/Shaders/NumberDisplayShader.shader using Guid(322ce4ac0ea0bd64eba225cf8266668c) Importer(815301076,1909f56bfc062723c751e8b465ee728b)  -> (artifact id: '846fe4c09184c1c5f30b2de1dced7747') in 0.007378 seconds 
  Import took 0.009109 seconds .

========================================================================
Received Import Request.
  Time since last request: 25.064489 seconds.
  path: Assets/Shaders/NumberDisplayShader.shader
  artifactKey: Guid(322ce4ac0ea0bd64eba225cf8266668c) Importer(815301076,1909f56bfc062723c751e8b465ee728b)
Start importing Assets/Shaders/NumberDisplayShader.shader using Guid(322ce4ac0ea0bd64eba225cf8266668c) Importer(815301076,1909f56bfc062723c751e8b465ee728b)  -> (artifact id: '3402c9fbf4c70275da702824b506cf8e') in 0.001781 seconds 
  Import took 0.015497 seconds .

========================================================================
Received Prepare
Registering precompiled user dll's ...
Registered in 0.002113 seconds.
Begin MonoManager ReloadAssembly
Native extension for WindowsStandalone target not found
Refreshing native plugins compatible for Editor in 0.28 ms, found 2 plugins.
Preloading 0 native plugins for Editor in 0.00 ms.
Mono: successfully reloaded assembly
- Completed reload, in  0.620 seconds
Domain Reload Profiling:
	ReloadAssembly (620ms)
		BeginReloadAssembly (99ms)
			ExecutionOrderSort (0ms)
			DisableScriptedObjects (3ms)
			BackupInstance (0ms)
			ReleaseScriptingObjects (0ms)
			CreateAndSetChildDomain (22ms)
		EndReloadAssembly (472ms)
			LoadAssemblies (69ms)
			RebuildTransferFunctionScriptingTraits (0ms)
			SetupTypeCache (155ms)
			ReleaseScriptCaches (1ms)
			RebuildScriptCaches (22ms)
			SetupLoadedEditorAssemblies (180ms)
				LogAssemblyErrors (0ms)
				InitializePlatformSupportModulesInManaged (4ms)
				SetLoadedEditorAssemblies (0ms)
				RefreshPlugins (0ms)
				BeforeProcessingInitializeOnLoad (36ms)
				ProcessInitializeOnLoadAttributes (126ms)
				ProcessInitializeOnLoadMethodAttributes (3ms)
				AfterProcessingInitializeOnLoad (11ms)
				EditorAssembliesLoaded (0ms)
			ExecutionOrderSort2 (0ms)
			AwakeInstancesAfterBackupRestoration (4ms)
Platform modules already initialized, skipping
Refreshing native plugins compatible for Editor in 0.21 ms, found 2 plugins.
Preloading 0 native plugins for Editor in 0.00 ms.
Unloading 1391 Unused Serialized files (Serialized files now loaded: 0)
System memory in use before: 68.5 MB.
System memory in use after: 68.6 MB.

Unloading 11 unused Assets to reduce memory usage. Loaded Objects now: 1899.
Total: 2.132600 ms (FindLiveObjects: 0.116400 ms CreateObjectMapping: 0.031200 ms MarkObjects: 1.973100 ms  DeleteObjects: 0.011200 ms)

AssetImportParameters requested are different than current active one (requested -> active):
  custom:framework-win-MediaFoundation: 216162199b28c13a410421893ffa2e32 -> 
  custom:video-decoder-ogg-theora: a1e56fd34408186e4bbccfd4996cb3dc -> 
  custom:container-muxer-webm: aa71ff27fc2769a1b78a27578f13a17b -> 
  custom:container-demuxer-webm: 4f35f7cbe854078d1ac9338744f61a02 -> 
  custom:container-demuxer-ogg: 62fdf1f143b41e24485cea50d1cbac27 -> 
  custom:video-encoder-webm-vp8: eb34c28f22e8b96e1ab97ce403110664 -> 
  custom:video-codec-MediaFoundation-h265: 746d11721c4dcdbdad8f713fa42b33f4 -> 
  custom:video-decoder-webm-vp8: 9c59270c3fd7afecdb556c50c9e8de78 -> 
  custom:audio-decoder-ogg-vorbis: bf7c407c2cedff20999df2af8eb42d56 -> 
  custom:audio-encoder-webm-vorbis: bf7c407c2cedff20999df2af8eb42d56 -> 
========================================================================
Received Prepare
Registering precompiled user dll's ...
Registered in 0.001768 seconds.
Begin MonoManager ReloadAssembly
Native extension for WindowsStandalone target not found
Refreshing native plugins compatible for Editor in 0.28 ms, found 2 plugins.
Preloading 0 native plugins for Editor in 0.00 ms.
Mono: successfully reloaded assembly
- Completed reload, in  0.614 seconds
Domain Reload Profiling:
	ReloadAssembly (614ms)
		BeginReloadAssembly (91ms)
			ExecutionOrderSort (0ms)
			DisableScriptedObjects (3ms)
			BackupInstance (0ms)
			ReleaseScriptingObjects (0ms)
			CreateAndSetChildDomain (21ms)
		EndReloadAssembly (475ms)
			LoadAssemblies (67ms)
			RebuildTransferFunctionScriptingTraits (0ms)
			SetupTypeCache (154ms)
			ReleaseScriptCaches (1ms)
			RebuildScriptCaches (23ms)
			SetupLoadedEditorAssemblies (184ms)
				LogAssemblyErrors (0ms)
				InitializePlatformSupportModulesInManaged (4ms)
				SetLoadedEditorAssemblies (0ms)
				RefreshPlugins (0ms)
				BeforeProcessingInitializeOnLoad (37ms)
				ProcessInitializeOnLoadAttributes (129ms)
				ProcessInitializeOnLoadMethodAttributes (3ms)
				AfterProcessingInitializeOnLoad (11ms)
				EditorAssembliesLoaded (0ms)
			ExecutionOrderSort2 (0ms)
			AwakeInstancesAfterBackupRestoration (4ms)
Platform modules already initialized, skipping
Refreshing native plugins compatible for Editor in 0.25 ms, found 2 plugins.
Preloading 0 native plugins for Editor in 0.00 ms.
Unloading 1391 Unused Serialized files (Serialized files now loaded: 0)
System memory in use before: 68.5 MB.
System memory in use after: 68.6 MB.

Unloading 11 unused Assets to reduce memory usage. Loaded Objects now: 1901.
Total: 2.188800 ms (FindLiveObjects: 0.114200 ms CreateObjectMapping: 0.032500 ms MarkObjects: 2.029900 ms  DeleteObjects: 0.011400 ms)

AssetImportParameters requested are different than current active one (requested -> active):
  custom:framework-win-MediaFoundation: 216162199b28c13a410421893ffa2e32 -> 
  custom:video-decoder-ogg-theora: a1e56fd34408186e4bbccfd4996cb3dc -> 
  custom:container-muxer-webm: aa71ff27fc2769a1b78a27578f13a17b -> 
  custom:container-demuxer-webm: 4f35f7cbe854078d1ac9338744f61a02 -> 
  custom:container-demuxer-ogg: 62fdf1f143b41e24485cea50d1cbac27 -> 
  custom:video-encoder-webm-vp8: eb34c28f22e8b96e1ab97ce403110664 -> 
  custom:video-codec-MediaFoundation-h265: 746d11721c4dcdbdad8f713fa42b33f4 -> 
  custom:video-decoder-webm-vp8: 9c59270c3fd7afecdb556c50c9e8de78 -> 
  custom:audio-decoder-ogg-vorbis: bf7c407c2cedff20999df2af8eb42d56 -> 
  custom:audio-encoder-webm-vorbis: bf7c407c2cedff20999df2af8eb42d56 -> 
========================================================================
Received Import Request.
  Time since last request: 225.491428 seconds.
  path: Assets/Shaders/NumberDisplayShader.shader
  artifactKey: Guid(322ce4ac0ea0bd64eba225cf8266668c) Importer(815301076,1909f56bfc062723c751e8b465ee728b)
Start importing Assets/Shaders/NumberDisplayShader.shader using Guid(322ce4ac0ea0bd64eba225cf8266668c) Importer(815301076,1909f56bfc062723c751e8b465ee728b)  -> (artifact id: '84c2c910a6ff9ac04a4105978ca12abc') in 0.008730 seconds 
  Import took 0.011020 seconds .

========================================================================
Received Prepare
Registering precompiled user dll's ...
Registered in 0.001492 seconds.
Begin MonoManager ReloadAssembly
Native extension for WindowsStandalone target not found
Refreshing native plugins compatible for Editor in 0.28 ms, found 2 plugins.
Preloading 0 native plugins for Editor in 0.00 ms.
Mono: successfully reloaded assembly
- Completed reload, in  0.620 seconds
Domain Reload Profiling:
	ReloadAssembly (621ms)
		BeginReloadAssembly (91ms)
			ExecutionOrderSort (0ms)
			DisableScriptedObjects (3ms)
			BackupInstance (0ms)
			ReleaseScriptingObjects (0ms)
			CreateAndSetChildDomain (22ms)
		EndReloadAssembly (478ms)
			LoadAssemblies (69ms)
			RebuildTransferFunctionScriptingTraits (0ms)
			SetupTypeCache (153ms)
			ReleaseScriptCaches (1ms)
			RebuildScriptCaches (23ms)
			SetupLoadedEditorAssemblies (186ms)
				LogAssemblyErrors (0ms)
				InitializePlatformSupportModulesInManaged (4ms)
				SetLoadedEditorAssemblies (0ms)
				RefreshPlugins (0ms)
				BeforeProcessingInitializeOnLoad (38ms)
				ProcessInitializeOnLoadAttributes (129ms)
				ProcessInitializeOnLoadMethodAttributes (3ms)
				AfterProcessingInitializeOnLoad (11ms)
				EditorAssembliesLoaded (0ms)
			ExecutionOrderSort2 (0ms)
			AwakeInstancesAfterBackupRestoration (4ms)
Platform modules already initialized, skipping
Refreshing native plugins compatible for Editor in 0.27 ms, found 2 plugins.
Preloading 0 native plugins for Editor in 0.00 ms.
Unloading 1391 Unused Serialized files (Serialized files now loaded: 0)
System memory in use before: 68.5 MB.
System memory in use after: 68.6 MB.

Unloading 11 unused Assets to reduce memory usage. Loaded Objects now: 1903.
Total: 2.067600 ms (FindLiveObjects: 0.108700 ms CreateObjectMapping: 0.031400 ms MarkObjects: 1.915700 ms  DeleteObjects: 0.011100 ms)

AssetImportParameters requested are different than current active one (requested -> active):
  custom:framework-win-MediaFoundation: 216162199b28c13a410421893ffa2e32 -> 
  custom:video-decoder-ogg-theora: a1e56fd34408186e4bbccfd4996cb3dc -> 
  custom:container-muxer-webm: aa71ff27fc2769a1b78a27578f13a17b -> 
  custom:container-demuxer-webm: 4f35f7cbe854078d1ac9338744f61a02 -> 
  custom:container-demuxer-ogg: 62fdf1f143b41e24485cea50d1cbac27 -> 
  custom:video-encoder-webm-vp8: eb34c28f22e8b96e1ab97ce403110664 -> 
  custom:video-codec-MediaFoundation-h265: 746d11721c4dcdbdad8f713fa42b33f4 -> 
  custom:video-decoder-webm-vp8: 9c59270c3fd7afecdb556c50c9e8de78 -> 
  custom:audio-decoder-ogg-vorbis: bf7c407c2cedff20999df2af8eb42d56 -> 
  custom:audio-encoder-webm-vorbis: bf7c407c2cedff20999df2af8eb42d56 -> 
========================================================================
Received Prepare
Registering precompiled user dll's ...
Registered in 0.001512 seconds.
Begin MonoManager ReloadAssembly
Native extension for WindowsStandalone target not found
Refreshing native plugins compatible for Editor in 0.28 ms, found 2 plugins.
Preloading 0 native plugins for Editor in 0.00 ms.
Mono: successfully reloaded assembly
- Completed reload, in  0.609 seconds
Domain Reload Profiling:
	ReloadAssembly (609ms)
		BeginReloadAssembly (90ms)
			ExecutionOrderSort (0ms)
			DisableScriptedObjects (3ms)
			BackupInstance (0ms)
			ReleaseScriptingObjects (0ms)
			CreateAndSetChildDomain (22ms)
		EndReloadAssembly (470ms)
			LoadAssemblies (69ms)
			RebuildTransferFunctionScriptingTraits (0ms)
			SetupTypeCache (152ms)
			ReleaseScriptCaches (1ms)
			RebuildScriptCaches (22ms)
			SetupLoadedEditorAssemblies (181ms)
				LogAssemblyErrors (0ms)
				InitializePlatformSupportModulesInManaged (4ms)
				SetLoadedEditorAssemblies (0ms)
				RefreshPlugins (0ms)
				BeforeProcessingInitializeOnLoad (37ms)
				ProcessInitializeOnLoadAttributes (127ms)
				ProcessInitializeOnLoadMethodAttributes (3ms)
				AfterProcessingInitializeOnLoad (11ms)
				EditorAssembliesLoaded (0ms)
			ExecutionOrderSort2 (0ms)
			AwakeInstancesAfterBackupRestoration (4ms)
Platform modules already initialized, skipping
Refreshing native plugins compatible for Editor in 0.24 ms, found 2 plugins.
Preloading 0 native plugins for Editor in 0.00 ms.
Unloading 1391 Unused Serialized files (Serialized files now loaded: 0)
System memory in use before: 68.5 MB.
System memory in use after: 68.6 MB.

Unloading 11 unused Assets to reduce memory usage. Loaded Objects now: 1905.
Total: 2.211800 ms (FindLiveObjects: 0.121000 ms CreateObjectMapping: 0.035900 ms MarkObjects: 2.042800 ms  DeleteObjects: 0.011400 ms)

AssetImportParameters requested are different than current active one (requested -> active):
  custom:framework-win-MediaFoundation: 216162199b28c13a410421893ffa2e32 -> 
  custom:video-decoder-ogg-theora: a1e56fd34408186e4bbccfd4996cb3dc -> 
  custom:container-muxer-webm: aa71ff27fc2769a1b78a27578f13a17b -> 
  custom:container-demuxer-webm: 4f35f7cbe854078d1ac9338744f61a02 -> 
  custom:container-demuxer-ogg: 62fdf1f143b41e24485cea50d1cbac27 -> 
  custom:video-encoder-webm-vp8: eb34c28f22e8b96e1ab97ce403110664 -> 
  custom:video-codec-MediaFoundation-h265: 746d11721c4dcdbdad8f713fa42b33f4 -> 
  custom:video-decoder-webm-vp8: 9c59270c3fd7afecdb556c50c9e8de78 -> 
  custom:audio-decoder-ogg-vorbis: bf7c407c2cedff20999df2af8eb42d56 -> 
  custom:audio-encoder-webm-vorbis: bf7c407c2cedff20999df2af8eb42d56 -> 
========================================================================
Received Import Request.
  Time since last request: 354.973976 seconds.
  path: Assets/Shaders/NumberDisplayShader.shader
  artifactKey: Guid(322ce4ac0ea0bd64eba225cf8266668c) Importer(815301076,1909f56bfc062723c751e8b465ee728b)
Start importing Assets/Shaders/NumberDisplayShader.shader using Guid(322ce4ac0ea0bd64eba225cf8266668c) Importer(815301076,1909f56bfc062723c751e8b465ee728b)  -> (artifact id: 'd2fc5e6b96afff9b82c503c8bfca0edc') in 0.010090 seconds 
  Import took 0.026079 seconds .

========================================================================
Received Import Request.
  Time since last request: 20.568615 seconds.
  path: Assets/Shaders/NumberDisplayShader.shader
  artifactKey: Guid(322ce4ac0ea0bd64eba225cf8266668c) Importer(815301076,1909f56bfc062723c751e8b465ee728b)
Start importing Assets/Shaders/NumberDisplayShader.shader using Guid(322ce4ac0ea0bd64eba225cf8266668c) Importer(815301076,1909f56bfc062723c751e8b465ee728b)  -> (artifact id: '7ff8e71525b3a28720b3dacb9e43b36a') in 0.001796 seconds 
  Import took 0.013897 seconds .

========================================================================
Received Import Request.
  Time since last request: 8.192857 seconds.
  path: Assets/Shaders/NumberDisplayShader.shader
  artifactKey: Guid(322ce4ac0ea0bd64eba225cf8266668c) Importer(815301076,1909f56bfc062723c751e8b465ee728b)
Start importing Assets/Shaders/NumberDisplayShader.shader using Guid(322ce4ac0ea0bd64eba225cf8266668c) Importer(815301076,1909f56bfc062723c751e8b465ee728b)  -> (artifact id: '9b8c3885f5e514f09f62a3787ed262f0') in 0.001326 seconds 
  Import took 0.003224 seconds .

========================================================================
Received Import Request.
  Time since last request: 20.895466 seconds.
  path: Assets/Shaders/NumberDisplayShader.shader
  artifactKey: Guid(322ce4ac0ea0bd64eba225cf8266668c) Importer(815301076,1909f56bfc062723c751e8b465ee728b)
Start importing Assets/Shaders/NumberDisplayShader.shader using Guid(322ce4ac0ea0bd64eba225cf8266668c) Importer(815301076,1909f56bfc062723c751e8b465ee728b)  -> (artifact id: '7660a9569b5ff2a3aed1154640021e49') in 0.001715 seconds 
  Import took 0.004236 seconds .

========================================================================
Received Import Request.
  Time since last request: 39.082855 seconds.
  path: Assets/Shaders/NumberDisplayShader.shader
  artifactKey: Guid(322ce4ac0ea0bd64eba225cf8266668c) Importer(815301076,1909f56bfc062723c751e8b465ee728b)
Start importing Assets/Shaders/NumberDisplayShader.shader using Guid(322ce4ac0ea0bd64eba225cf8266668c) Importer(815301076,1909f56bfc062723c751e8b465ee728b)  -> (artifact id: '92410834fcbfcc360dc1d8b1d76564c7') in 0.001841 seconds 
  Import took 0.004382 seconds .

========================================================================
Received Import Request.
  Time since last request: 31.921907 seconds.
  path: Assets/Shaders/NumberDisplayShader.shader
  artifactKey: Guid(322ce4ac0ea0bd64eba225cf8266668c) Importer(815301076,1909f56bfc062723c751e8b465ee728b)
Start importing Assets/Shaders/NumberDisplayShader.shader using Guid(322ce4ac0ea0bd64eba225cf8266668c) Importer(815301076,1909f56bfc062723c751e8b465ee728b)  -> (artifact id: '3f87d335836d43e30848cc4ce0767916') in 0.001891 seconds 
  Import took 0.004084 seconds .

========================================================================
Received Import Request.
  Time since last request: 24.693230 seconds.
  path: Assets/Shaders/NumberDisplayShader.shader
  artifactKey: Guid(322ce4ac0ea0bd64eba225cf8266668c) Importer(815301076,1909f56bfc062723c751e8b465ee728b)
Start importing Assets/Shaders/NumberDisplayShader.shader using Guid(322ce4ac0ea0bd64eba225cf8266668c) Importer(815301076,1909f56bfc062723c751e8b465ee728b)  -> (artifact id: '4fda8407853e11588440678f5283c08c') in 0.001817 seconds 
  Import took 0.003873 seconds .

========================================================================
Received Import Request.
  Time since last request: 21.749596 seconds.
  path: Assets/Shaders/NumberDisplayShader.shader
  artifactKey: Guid(322ce4ac0ea0bd64eba225cf8266668c) Importer(815301076,1909f56bfc062723c751e8b465ee728b)
Start importing Assets/Shaders/NumberDisplayShader.shader using Guid(322ce4ac0ea0bd64eba225cf8266668c) Importer(815301076,1909f56bfc062723c751e8b465ee728b)  -> (artifact id: '9b4c3e57e7eeb3e55319a661be35cfc8') in 0.001597 seconds 
  Import took 0.003720 seconds .

========================================================================
Received Prepare
Registering precompiled user dll's ...
Registered in 0.001638 seconds.
Begin MonoManager ReloadAssembly
Native extension for WindowsStandalone target not found
Refreshing native plugins compatible for Editor in 0.29 ms, found 2 plugins.
Preloading 0 native plugins for Editor in 0.00 ms.
Mono: successfully reloaded assembly
- Completed reload, in  0.633 seconds
Domain Reload Profiling:
	ReloadAssembly (633ms)
		BeginReloadAssembly (92ms)
			ExecutionOrderSort (0ms)
			DisableScriptedObjects (3ms)
			BackupInstance (0ms)
			ReleaseScriptingObjects (0ms)
			CreateAndSetChildDomain (21ms)
		EndReloadAssembly (493ms)
			LoadAssemblies (67ms)
			RebuildTransferFunctionScriptingTraits (0ms)
			SetupTypeCache (161ms)
			ReleaseScriptCaches (1ms)
			RebuildScriptCaches (22ms)
			SetupLoadedEditorAssemblies (191ms)
				LogAssemblyErrors (0ms)
				InitializePlatformSupportModulesInManaged (4ms)
				SetLoadedEditorAssemblies (0ms)
				RefreshPlugins (0ms)
				BeforeProcessingInitializeOnLoad (38ms)
				ProcessInitializeOnLoadAttributes (135ms)
				ProcessInitializeOnLoadMethodAttributes (3ms)
				AfterProcessingInitializeOnLoad (11ms)
				EditorAssembliesLoaded (0ms)
			ExecutionOrderSort2 (0ms)
			AwakeInstancesAfterBackupRestoration (5ms)
Platform modules already initialized, skipping
Refreshing native plugins compatible for Editor in 0.27 ms, found 2 plugins.
Preloading 0 native plugins for Editor in 0.00 ms.
Unloading 1391 Unused Serialized files (Serialized files now loaded: 0)
System memory in use before: 68.5 MB.
System memory in use after: 68.6 MB.

Unloading 11 unused Assets to reduce memory usage. Loaded Objects now: 1907.
Total: 2.086300 ms (FindLiveObjects: 0.130100 ms CreateObjectMapping: 0.035900 ms MarkObjects: 1.907500 ms  DeleteObjects: 0.012100 ms)

AssetImportParameters requested are different than current active one (requested -> active):
  custom:framework-win-MediaFoundation: 216162199b28c13a410421893ffa2e32 -> 
  custom:video-decoder-ogg-theora: a1e56fd34408186e4bbccfd4996cb3dc -> 
  custom:container-muxer-webm: aa71ff27fc2769a1b78a27578f13a17b -> 
  custom:container-demuxer-webm: 4f35f7cbe854078d1ac9338744f61a02 -> 
  custom:container-demuxer-ogg: 62fdf1f143b41e24485cea50d1cbac27 -> 
  custom:video-encoder-webm-vp8: eb34c28f22e8b96e1ab97ce403110664 -> 
  custom:video-codec-MediaFoundation-h265: 746d11721c4dcdbdad8f713fa42b33f4 -> 
  custom:video-decoder-webm-vp8: 9c59270c3fd7afecdb556c50c9e8de78 -> 
  custom:audio-decoder-ogg-vorbis: bf7c407c2cedff20999df2af8eb42d56 -> 
  custom:audio-encoder-webm-vorbis: bf7c407c2cedff20999df2af8eb42d56 -> 
========================================================================
Received Import Request.
  Time since last request: 152.657166 seconds.
  path: Assets/Shaders/NumberDisplayShader.shader
  artifactKey: Guid(322ce4ac0ea0bd64eba225cf8266668c) Importer(815301076,1909f56bfc062723c751e8b465ee728b)
Start importing Assets/Shaders/NumberDisplayShader.shader using Guid(322ce4ac0ea0bd64eba225cf8266668c) Importer(815301076,1909f56bfc062723c751e8b465ee728b)  -> (artifact id: 'acd7a2ec91deb0b3b8c57cf25e408a7d') in 0.007861 seconds 
  Import took 0.010018 seconds .

========================================================================
Received Import Request.
  Time since last request: 22.299200 seconds.
  path: Assets/Shaders/NumberDisplayShader.shader
  artifactKey: Guid(322ce4ac0ea0bd64eba225cf8266668c) Importer(815301076,1909f56bfc062723c751e8b465ee728b)
Start importing Assets/Shaders/NumberDisplayShader.shader using Guid(322ce4ac0ea0bd64eba225cf8266668c) Importer(815301076,1909f56bfc062723c751e8b465ee728b)  -> (artifact id: '8897e5529055df46645a8326eea0951c') in 0.001500 seconds 
  Import took 0.003402 seconds .

========================================================================
Received Import Request.
  Time since last request: 28.664432 seconds.
  path: Assets/Shaders/NumberDisplayShader.shader
  artifactKey: Guid(322ce4ac0ea0bd64eba225cf8266668c) Importer(815301076,1909f56bfc062723c751e8b465ee728b)
Start importing Assets/Shaders/NumberDisplayShader.shader using Guid(322ce4ac0ea0bd64eba225cf8266668c) Importer(815301076,1909f56bfc062723c751e8b465ee728b)  -> (artifact id: '83ff35114efc49165f36c07fde01c886') in 0.001491 seconds 
  Import took 0.003411 seconds .

========================================================================
Received Import Request.
  Time since last request: 0.009906 seconds.
  path: Assets/Shaders/NumberDisplayShader.shader
  artifactKey: Guid(322ce4ac0ea0bd64eba225cf8266668c) Importer(815301076,1909f56bfc062723c751e8b465ee728b)
Start importing Assets/Shaders/NumberDisplayShader.shader using Guid(322ce4ac0ea0bd64eba225cf8266668c) Importer(815301076,1909f56bfc062723c751e8b465ee728b)  -> (artifact id: '83ff35114efc49165f36c07fde01c886') in 0.001446 seconds 
  Import took 0.003290 seconds .

========================================================================
Received Import Request.
  Time since last request: 16.171426 seconds.
  path: Assets/Shaders/NumberDisplayShader.shader
  artifactKey: Guid(322ce4ac0ea0bd64eba225cf8266668c) Importer(815301076,1909f56bfc062723c751e8b465ee728b)
Start importing Assets/Shaders/NumberDisplayShader.shader using Guid(322ce4ac0ea0bd64eba225cf8266668c) Importer(815301076,1909f56bfc062723c751e8b465ee728b)  -> (artifact id: '942d3ba1d2fed1afb1cff286f9edd3a2') in 0.001593 seconds 
  Import took 0.003750 seconds .

========================================================================
Received Import Request.
  Time since last request: 4.980496 seconds.
  path: Assets/Shaders/NumberDisplayShader.shader
  artifactKey: Guid(322ce4ac0ea0bd64eba225cf8266668c) Importer(815301076,1909f56bfc062723c751e8b465ee728b)
Start importing Assets/Shaders/NumberDisplayShader.shader using Guid(322ce4ac0ea0bd64eba225cf8266668c) Importer(815301076,1909f56bfc062723c751e8b465ee728b)  -> (artifact id: 'a149008c87686988107a2158db556851') in 0.001399 seconds 
  Import took 0.003218 seconds .

========================================================================
Received Import Request.
  Time since last request: 19.898519 seconds.
  path: Assets/Shaders/NumberDisplayShader.shader
  artifactKey: Guid(322ce4ac0ea0bd64eba225cf8266668c) Importer(815301076,1909f56bfc062723c751e8b465ee728b)
Start importing Assets/Shaders/NumberDisplayShader.shader using Guid(322ce4ac0ea0bd64eba225cf8266668c) Importer(815301076,1909f56bfc062723c751e8b465ee728b)  -> (artifact id: '89666bdf51756398f084fd188b18ae77') in 0.001372 seconds 
  Import took 0.003221 seconds .

========================================================================
Received Import Request.
  Time since last request: 146.077240 seconds.
  path: Assets/Shaders/NumberDisplayShader.shader
  artifactKey: Guid(322ce4ac0ea0bd64eba225cf8266668c) Importer(815301076,1909f56bfc062723c751e8b465ee728b)
Start importing Assets/Shaders/NumberDisplayShader.shader using Guid(322ce4ac0ea0bd64eba225cf8266668c) Importer(815301076,1909f56bfc062723c751e8b465ee728b)  -> (artifact id: '372a75d37c5473e1ee12fc8f23d16bac') in 0.001654 seconds 
  Import took 0.003843 seconds .

========================================================================
Received Import Request.
  Time since last request: 0.068377 seconds.
  path: Assets/Shaders/NumberDisplayShader.shader
  artifactKey: Guid(322ce4ac0ea0bd64eba225cf8266668c) Importer(815301076,1909f56bfc062723c751e8b465ee728b)
Start importing Assets/Shaders/NumberDisplayShader.shader using Guid(322ce4ac0ea0bd64eba225cf8266668c) Importer(815301076,1909f56bfc062723c751e8b465ee728b)  -> (artifact id: '372a75d37c5473e1ee12fc8f23d16bac') in 0.001492 seconds 
  Import took 0.003441 seconds .

========================================================================
Received Import Request.
  Time since last request: 279.575229 seconds.
  path: Assets/Shaders/NumberDisplayShader.shader
  artifactKey: Guid(322ce4ac0ea0bd64eba225cf8266668c) Importer(815301076,1909f56bfc062723c751e8b465ee728b)
Start importing Assets/Shaders/NumberDisplayShader.shader using Guid(322ce4ac0ea0bd64eba225cf8266668c) Importer(815301076,1909f56bfc062723c751e8b465ee728b)  -> (artifact id: '91b2aa26977b0c7b4425aa6e72d778b8') in 0.001371 seconds 
  Import took 0.003474 seconds .

========================================================================
Received Import Request.
  Time since last request: 87.888352 seconds.
  path: Assets/Shaders/NumberDisplayShader.shader
  artifactKey: Guid(322ce4ac0ea0bd64eba225cf8266668c) Importer(815301076,1909f56bfc062723c751e8b465ee728b)
Start importing Assets/Shaders/NumberDisplayShader.shader using Guid(322ce4ac0ea0bd64eba225cf8266668c) Importer(815301076,1909f56bfc062723c751e8b465ee728b)  -> (artifact id: 'ac30f7f91bd5ca19e7b29e25e243599f') in 0.001294 seconds 
  Import took 0.003165 seconds .

========================================================================
Received Import Request.
  Time since last request: 0.086825 seconds.
  path: Assets/Shaders/NumberDisplayShader.shader
  artifactKey: Guid(322ce4ac0ea0bd64eba225cf8266668c) Importer(815301076,1909f56bfc062723c751e8b465ee728b)
Start importing Assets/Shaders/NumberDisplayShader.shader using Guid(322ce4ac0ea0bd64eba225cf8266668c) Importer(815301076,1909f56bfc062723c751e8b465ee728b)  -> (artifact id: 'ac30f7f91bd5ca19e7b29e25e243599f') in 0.001447 seconds 
  Import took 0.003293 seconds .

========================================================================
Received Import Request.
  Time since last request: 19.262789 seconds.
  path: Assets/Shaders/NumberDisplayShader.shader
  artifactKey: Guid(322ce4ac0ea0bd64eba225cf8266668c) Importer(815301076,1909f56bfc062723c751e8b465ee728b)
Start importing Assets/Shaders/NumberDisplayShader.shader using Guid(322ce4ac0ea0bd64eba225cf8266668c) Importer(815301076,1909f56bfc062723c751e8b465ee728b)  -> (artifact id: 'a7b6db2aed548822ba1366680c06b934') in 0.001236 seconds 
  Import took 0.003074 seconds .

========================================================================
Received Import Request.
  Time since last request: 93.329774 seconds.
  path: Assets/Shaders/NumberDisplayShader.shader
  artifactKey: Guid(322ce4ac0ea0bd64eba225cf8266668c) Importer(815301076,1909f56bfc062723c751e8b465ee728b)
Start importing Assets/Shaders/NumberDisplayShader.shader using Guid(322ce4ac0ea0bd64eba225cf8266668c) Importer(815301076,1909f56bfc062723c751e8b465ee728b)  -> (artifact id: 'c8f3a5d281acd03b0cb6c1038a129d9e') in 0.001256 seconds 
  Import took 0.017111 seconds .

========================================================================
Received Import Request.
  Time since last request: 37.793551 seconds.
  path: Assets/Shaders/NumberDisplayShader.shader
  artifactKey: Guid(322ce4ac0ea0bd64eba225cf8266668c) Importer(815301076,1909f56bfc062723c751e8b465ee728b)
Start importing Assets/Shaders/NumberDisplayShader.shader using Guid(322ce4ac0ea0bd64eba225cf8266668c) Importer(815301076,1909f56bfc062723c751e8b465ee728b)  -> (artifact id: '82e865090a2faf80d771a019bb230b9e') in 0.001330 seconds 
  Import took 0.003290 seconds .

========================================================================
Received Import Request.
  Time since last request: 496.855038 seconds.
  path: Assets/Shaders/NumberDisplayShader.shader
  artifactKey: Guid(322ce4ac0ea0bd64eba225cf8266668c) Importer(815301076,1909f56bfc062723c751e8b465ee728b)
Start importing Assets/Shaders/NumberDisplayShader.shader using Guid(322ce4ac0ea0bd64eba225cf8266668c) Importer(815301076,1909f56bfc062723c751e8b465ee728b)  -> (artifact id: 'abd11b6a610abb18a696251c9a5a9e24') in 0.004676 seconds 
  Import took 0.006803 seconds .

========================================================================
Received Import Request.
  Time since last request: 161.941435 seconds.
  path: Assets/Shaders/NumberDisplayShader.shader
  artifactKey: Guid(322ce4ac0ea0bd64eba225cf8266668c) Importer(815301076,1909f56bfc062723c751e8b465ee728b)
Start importing Assets/Shaders/NumberDisplayShader.shader using Guid(322ce4ac0ea0bd64eba225cf8266668c) Importer(815301076,1909f56bfc062723c751e8b465ee728b)  -> (artifact id: 'b2e98616612053d20f95e0d166c5781c') in 0.001356 seconds 
  Import took 0.013415 seconds .

========================================================================
Received Import Request.
  Time since last request: 0.001792 seconds.
  path: Assets/Shaders/NumberDisplayShader.shader
  artifactKey: Guid(322ce4ac0ea0bd64eba225cf8266668c) Importer(815301076,1909f56bfc062723c751e8b465ee728b)
Start importing Assets/Shaders/NumberDisplayShader.shader using Guid(322ce4ac0ea0bd64eba225cf8266668c) Importer(815301076,1909f56bfc062723c751e8b465ee728b)  -> (artifact id: 'b2e98616612053d20f95e0d166c5781c') in 0.001435 seconds 
  Import took 0.003374 seconds .

========================================================================
Received Import Request.
  Time since last request: 57.182163 seconds.
  path: Assets/Shaders/NumberDisplayShader.shader
  artifactKey: Guid(322ce4ac0ea0bd64eba225cf8266668c) Importer(815301076,1909f56bfc062723c751e8b465ee728b)
Start importing Assets/Shaders/NumberDisplayShader.shader using Guid(322ce4ac0ea0bd64eba225cf8266668c) Importer(815301076,1909f56bfc062723c751e8b465ee728b)  -> (artifact id: 'f1a88802304563cdbe54d624e2dee2e7') in 0.001304 seconds 
  Import took 0.003126 seconds .

========================================================================
Received Import Request.
  Time since last request: 89.774911 seconds.
  path: Assets/Shaders/NumberDisplayShader.shader
  artifactKey: Guid(322ce4ac0ea0bd64eba225cf8266668c) Importer(815301076,1909f56bfc062723c751e8b465ee728b)
Start importing Assets/Shaders/NumberDisplayShader.shader using Guid(322ce4ac0ea0bd64eba225cf8266668c) Importer(815301076,1909f56bfc062723c751e8b465ee728b)  -> (artifact id: '4520bcad2d26b276c8c680ef20b4b85a') in 0.001495 seconds 
  Import took 0.003749 seconds .

========================================================================
Received Import Request.
  Time since last request: 7.636784 seconds.
  path: Assets/Scripts/CameraPostProcessController.cs
  artifactKey: Guid(80c0e708b6ca20a4b9098b28b42b2f3b) Importer(815301076,1909f56bfc062723c751e8b465ee728b)
Start importing Assets/Scripts/CameraPostProcessController.cs using Guid(80c0e708b6ca20a4b9098b28b42b2f3b) Importer(815301076,1909f56bfc062723c751e8b465ee728b)  -> (artifact id: '5e745fedad5be5b26645d0d14a409418') in 0.004151 seconds 
  Import took 0.013773 seconds .

========================================================================
Received Import Request.
  Time since last request: 77.202202 seconds.
  path: Assets/Shaders/NumberDisplayShader.shader
  artifactKey: Guid(322ce4ac0ea0bd64eba225cf8266668c) Importer(815301076,1909f56bfc062723c751e8b465ee728b)
Start importing Assets/Shaders/NumberDisplayShader.shader using Guid(322ce4ac0ea0bd64eba225cf8266668c) Importer(815301076,1909f56bfc062723c751e8b465ee728b)  -> (artifact id: 'f54d972f0a24dbd467c7ed5964b2b841') in 0.001350 seconds 
  Import took 0.003090 seconds .

========================================================================
Received Prepare
Registering precompiled user dll's ...
Registered in 0.001746 seconds.
Begin MonoManager ReloadAssembly
Native extension for WindowsStandalone target not found
Refreshing native plugins compatible for Editor in 0.28 ms, found 2 plugins.
Preloading 0 native plugins for Editor in 0.00 ms.
Mono: successfully reloaded assembly
- Completed reload, in  0.805 seconds
Domain Reload Profiling:
	ReloadAssembly (806ms)
		BeginReloadAssembly (116ms)
			ExecutionOrderSort (0ms)
			DisableScriptedObjects (4ms)
			BackupInstance (0ms)
			ReleaseScriptingObjects (0ms)
			CreateAndSetChildDomain (32ms)
		EndReloadAssembly (639ms)
			LoadAssemblies (72ms)
			RebuildTransferFunctionScriptingTraits (0ms)
			SetupTypeCache (162ms)
			ReleaseScriptCaches (1ms)
			RebuildScriptCaches (22ms)
			SetupLoadedEditorAssemblies (337ms)
				LogAssemblyErrors (0ms)
				InitializePlatformSupportModulesInManaged (4ms)
				SetLoadedEditorAssemblies (0ms)
				RefreshPlugins (0ms)
				BeforeProcessingInitializeOnLoad (37ms)
				ProcessInitializeOnLoadAttributes (282ms)
				ProcessInitializeOnLoadMethodAttributes (3ms)
				AfterProcessingInitializeOnLoad (11ms)
				EditorAssembliesLoaded (0ms)
			ExecutionOrderSort2 (0ms)
			AwakeInstancesAfterBackupRestoration (4ms)
Platform modules already initialized, skipping
Refreshing native plugins compatible for Editor in 0.24 ms, found 2 plugins.
Preloading 0 native plugins for Editor in 0.00 ms.
Unloading 1391 Unused Serialized files (Serialized files now loaded: 0)
System memory in use before: 68.5 MB.
System memory in use after: 68.6 MB.

Unloading 11 unused Assets to reduce memory usage. Loaded Objects now: 1909.
Total: 2.147100 ms (FindLiveObjects: 0.129200 ms CreateObjectMapping: 0.035600 ms MarkObjects: 1.967600 ms  DeleteObjects: 0.014100 ms)

AssetImportParameters requested are different than current active one (requested -> active):
  custom:framework-win-MediaFoundation: 216162199b28c13a410421893ffa2e32 -> 
  custom:video-decoder-ogg-theora: a1e56fd34408186e4bbccfd4996cb3dc -> 
  custom:container-muxer-webm: aa71ff27fc2769a1b78a27578f13a17b -> 
  custom:container-demuxer-webm: 4f35f7cbe854078d1ac9338744f61a02 -> 
  custom:container-demuxer-ogg: 62fdf1f143b41e24485cea50d1cbac27 -> 
  custom:video-encoder-webm-vp8: eb34c28f22e8b96e1ab97ce403110664 -> 
  custom:video-codec-MediaFoundation-h265: 746d11721c4dcdbdad8f713fa42b33f4 -> 
  custom:video-decoder-webm-vp8: 9c59270c3fd7afecdb556c50c9e8de78 -> 
  custom:audio-decoder-ogg-vorbis: bf7c407c2cedff20999df2af8eb42d56 -> 
  custom:audio-encoder-webm-vorbis: bf7c407c2cedff20999df2af8eb42d56 -> 
========================================================================
Received Prepare
Registering precompiled user dll's ...
Registered in 0.001484 seconds.
Begin MonoManager ReloadAssembly
Native extension for WindowsStandalone target not found
Refreshing native plugins compatible for Editor in 0.27 ms, found 2 plugins.
Preloading 0 native plugins for Editor in 0.00 ms.
Mono: successfully reloaded assembly
- Completed reload, in  0.638 seconds
Domain Reload Profiling:
	ReloadAssembly (638ms)
		BeginReloadAssembly (104ms)
			ExecutionOrderSort (0ms)
			DisableScriptedObjects (3ms)
			BackupInstance (0ms)
			ReleaseScriptingObjects (0ms)
			CreateAndSetChildDomain (24ms)
		EndReloadAssembly (485ms)
			LoadAssemblies (68ms)
			RebuildTransferFunctionScriptingTraits (0ms)
			SetupTypeCache (156ms)
			ReleaseScriptCaches (1ms)
			RebuildScriptCaches (22ms)
			SetupLoadedEditorAssemblies (190ms)
				LogAssemblyErrors (0ms)
				InitializePlatformSupportModulesInManaged (4ms)
				SetLoadedEditorAssemblies (0ms)
				RefreshPlugins (0ms)
				BeforeProcessingInitializeOnLoad (37ms)
				ProcessInitializeOnLoadAttributes (134ms)
				ProcessInitializeOnLoadMethodAttributes (3ms)
				AfterProcessingInitializeOnLoad (11ms)
				EditorAssembliesLoaded (0ms)
			ExecutionOrderSort2 (0ms)
			AwakeInstancesAfterBackupRestoration (5ms)
Platform modules already initialized, skipping
Refreshing native plugins compatible for Editor in 0.27 ms, found 2 plugins.
Preloading 0 native plugins for Editor in 0.00 ms.
Unloading 1391 Unused Serialized files (Serialized files now loaded: 0)
System memory in use before: 68.5 MB.
System memory in use after: 68.6 MB.

Unloading 11 unused Assets to reduce memory usage. Loaded Objects now: 1911.
Total: 2.208900 ms (FindLiveObjects: 0.115600 ms CreateObjectMapping: 0.035800 ms MarkObjects: 2.045100 ms  DeleteObjects: 0.011500 ms)

AssetImportParameters requested are different than current active one (requested -> active):
  custom:framework-win-MediaFoundation: 216162199b28c13a410421893ffa2e32 -> 
  custom:video-decoder-ogg-theora: a1e56fd34408186e4bbccfd4996cb3dc -> 
  custom:container-muxer-webm: aa71ff27fc2769a1b78a27578f13a17b -> 
  custom:container-demuxer-webm: 4f35f7cbe854078d1ac9338744f61a02 -> 
  custom:container-demuxer-ogg: 62fdf1f143b41e24485cea50d1cbac27 -> 
  custom:video-encoder-webm-vp8: eb34c28f22e8b96e1ab97ce403110664 -> 
  custom:video-codec-MediaFoundation-h265: 746d11721c4dcdbdad8f713fa42b33f4 -> 
  custom:video-decoder-webm-vp8: 9c59270c3fd7afecdb556c50c9e8de78 -> 
  custom:audio-decoder-ogg-vorbis: bf7c407c2cedff20999df2af8eb42d56 -> 
  custom:audio-encoder-webm-vorbis: bf7c407c2cedff20999df2af8eb42d56 -> 
========================================================================
Received Prepare
Registering precompiled user dll's ...
Registered in 0.001471 seconds.
Begin MonoManager ReloadAssembly
Native extension for WindowsStandalone target not found
Refreshing native plugins compatible for Editor in 0.28 ms, found 2 plugins.
Preloading 0 native plugins for Editor in 0.00 ms.
Mono: successfully reloaded assembly
- Completed reload, in  0.621 seconds
Domain Reload Profiling:
	ReloadAssembly (621ms)
		BeginReloadAssembly (98ms)
			ExecutionOrderSort (0ms)
			DisableScriptedObjects (3ms)
			BackupInstance (0ms)
			ReleaseScriptingObjects (0ms)
			CreateAndSetChildDomain (22ms)
		EndReloadAssembly (473ms)
			LoadAssemblies (68ms)
			RebuildTransferFunctionScriptingTraits (0ms)
			SetupTypeCache (153ms)
			ReleaseScriptCaches (1ms)
			RebuildScriptCaches (22ms)
			SetupLoadedEditorAssemblies (184ms)
				LogAssemblyErrors (0ms)
				InitializePlatformSupportModulesInManaged (4ms)
				SetLoadedEditorAssemblies (0ms)
				RefreshPlugins (0ms)
				BeforeProcessingInitializeOnLoad (36ms)
				ProcessInitializeOnLoadAttributes (130ms)
				ProcessInitializeOnLoadMethodAttributes (3ms)
				AfterProcessingInitializeOnLoad (11ms)
				EditorAssembliesLoaded (0ms)
			ExecutionOrderSort2 (0ms)
			AwakeInstancesAfterBackupRestoration (4ms)
Platform modules already initialized, skipping
Refreshing native plugins compatible for Editor in 0.22 ms, found 2 plugins.
Preloading 0 native plugins for Editor in 0.00 ms.
Unloading 1391 Unused Serialized files (Serialized files now loaded: 0)
System memory in use before: 68.5 MB.
System memory in use after: 68.6 MB.

Unloading 11 unused Assets to reduce memory usage. Loaded Objects now: 1913.
Total: 2.179100 ms (FindLiveObjects: 0.117300 ms CreateObjectMapping: 0.032400 ms MarkObjects: 2.018100 ms  DeleteObjects: 0.010800 ms)

AssetImportParameters requested are different than current active one (requested -> active):
  custom:framework-win-MediaFoundation: 216162199b28c13a410421893ffa2e32 -> 
  custom:video-decoder-ogg-theora: a1e56fd34408186e4bbccfd4996cb3dc -> 
  custom:container-muxer-webm: aa71ff27fc2769a1b78a27578f13a17b -> 
  custom:container-demuxer-webm: 4f35f7cbe854078d1ac9338744f61a02 -> 
  custom:container-demuxer-ogg: 62fdf1f143b41e24485cea50d1cbac27 -> 
  custom:video-encoder-webm-vp8: eb34c28f22e8b96e1ab97ce403110664 -> 
  custom:video-codec-MediaFoundation-h265: 746d11721c4dcdbdad8f713fa42b33f4 -> 
  custom:video-decoder-webm-vp8: 9c59270c3fd7afecdb556c50c9e8de78 -> 
  custom:audio-decoder-ogg-vorbis: bf7c407c2cedff20999df2af8eb42d56 -> 
  custom:audio-encoder-webm-vorbis: bf7c407c2cedff20999df2af8eb42d56 -> 
========================================================================
Received Prepare
Registering precompiled user dll's ...
Registered in 0.001554 seconds.
Begin MonoManager ReloadAssembly
Native extension for WindowsStandalone target not found
Refreshing native plugins compatible for Editor in 0.28 ms, found 2 plugins.
Preloading 0 native plugins for Editor in 0.00 ms.
Mono: successfully reloaded assembly
- Completed reload, in  0.609 seconds
Domain Reload Profiling:
	ReloadAssembly (609ms)
		BeginReloadAssembly (95ms)
			ExecutionOrderSort (0ms)
			DisableScriptedObjects (3ms)
			BackupInstance (0ms)
			ReleaseScriptingObjects (0ms)
			CreateAndSetChildDomain (21ms)
		EndReloadAssembly (465ms)
			LoadAssemblies (67ms)
			RebuildTransferFunctionScriptingTraits (0ms)
			SetupTypeCache (149ms)
			ReleaseScriptCaches (1ms)
			RebuildScriptCaches (21ms)
			SetupLoadedEditorAssemblies (178ms)
				LogAssemblyErrors (0ms)
				InitializePlatformSupportModulesInManaged (4ms)
				SetLoadedEditorAssemblies (0ms)
				RefreshPlugins (0ms)
				BeforeProcessingInitializeOnLoad (36ms)
				ProcessInitializeOnLoadAttributes (125ms)
				ProcessInitializeOnLoadMethodAttributes (3ms)
				AfterProcessingInitializeOnLoad (10ms)
				EditorAssembliesLoaded (0ms)
			ExecutionOrderSort2 (0ms)
			AwakeInstancesAfterBackupRestoration (4ms)
Platform modules already initialized, skipping
Refreshing native plugins compatible for Editor in 0.24 ms, found 2 plugins.
Preloading 0 native plugins for Editor in 0.00 ms.
Unloading 1391 Unused Serialized files (Serialized files now loaded: 0)
System memory in use before: 68.5 MB.
System memory in use after: 68.6 MB.

Unloading 11 unused Assets to reduce memory usage. Loaded Objects now: 1915.
Total: 2.018700 ms (FindLiveObjects: 0.103500 ms CreateObjectMapping: 0.030000 ms MarkObjects: 1.873900 ms  DeleteObjects: 0.010600 ms)

AssetImportParameters requested are different than current active one (requested -> active):
  custom:framework-win-MediaFoundation: 216162199b28c13a410421893ffa2e32 -> 
  custom:video-decoder-ogg-theora: a1e56fd34408186e4bbccfd4996cb3dc -> 
  custom:container-muxer-webm: aa71ff27fc2769a1b78a27578f13a17b -> 
  custom:container-demuxer-webm: 4f35f7cbe854078d1ac9338744f61a02 -> 
  custom:container-demuxer-ogg: 62fdf1f143b41e24485cea50d1cbac27 -> 
  custom:video-encoder-webm-vp8: eb34c28f22e8b96e1ab97ce403110664 -> 
  custom:video-codec-MediaFoundation-h265: 746d11721c4dcdbdad8f713fa42b33f4 -> 
  custom:video-decoder-webm-vp8: 9c59270c3fd7afecdb556c50c9e8de78 -> 
  custom:audio-decoder-ogg-vorbis: bf7c407c2cedff20999df2af8eb42d56 -> 
  custom:audio-encoder-webm-vorbis: bf7c407c2cedff20999df2af8eb42d56 -> 
========================================================================
Received Prepare
Registering precompiled user dll's ...
Registered in 0.001461 seconds.
Begin MonoManager ReloadAssembly
Native extension for WindowsStandalone target not found
Refreshing native plugins compatible for Editor in 0.28 ms, found 2 plugins.
Preloading 0 native plugins for Editor in 0.00 ms.
Mono: successfully reloaded assembly
- Completed reload, in  0.620 seconds
Domain Reload Profiling:
	ReloadAssembly (620ms)
		BeginReloadAssembly (93ms)
			ExecutionOrderSort (0ms)
			DisableScriptedObjects (3ms)
			BackupInstance (0ms)
			ReleaseScriptingObjects (0ms)
			CreateAndSetChildDomain (21ms)
		EndReloadAssembly (479ms)
			LoadAssemblies (66ms)
			RebuildTransferFunctionScriptingTraits (0ms)
			SetupTypeCache (154ms)
			ReleaseScriptCaches (1ms)
			RebuildScriptCaches (24ms)
			SetupLoadedEditorAssemblies (186ms)
				LogAssemblyErrors (0ms)
				InitializePlatformSupportModulesInManaged (4ms)
				SetLoadedEditorAssemblies (0ms)
				RefreshPlugins (0ms)
				BeforeProcessingInitializeOnLoad (37ms)
				ProcessInitializeOnLoadAttributes (131ms)
				ProcessInitializeOnLoadMethodAttributes (3ms)
				AfterProcessingInitializeOnLoad (11ms)
				EditorAssembliesLoaded (0ms)
			ExecutionOrderSort2 (0ms)
			AwakeInstancesAfterBackupRestoration (5ms)
Platform modules already initialized, skipping
Refreshing native plugins compatible for Editor in 0.24 ms, found 2 plugins.
Preloading 0 native plugins for Editor in 0.00 ms.
Unloading 1391 Unused Serialized files (Serialized files now loaded: 0)
System memory in use before: 68.5 MB.
System memory in use after: 68.6 MB.

Unloading 11 unused Assets to reduce memory usage. Loaded Objects now: 1917.
Total: 2.062300 ms (FindLiveObjects: 0.107000 ms CreateObjectMapping: 0.031900 ms MarkObjects: 1.911500 ms  DeleteObjects: 0.011200 ms)

AssetImportParameters requested are different than current active one (requested -> active):
  custom:framework-win-MediaFoundation: 216162199b28c13a410421893ffa2e32 -> 
  custom:video-decoder-ogg-theora: a1e56fd34408186e4bbccfd4996cb3dc -> 
  custom:container-muxer-webm: aa71ff27fc2769a1b78a27578f13a17b -> 
  custom:container-demuxer-webm: 4f35f7cbe854078d1ac9338744f61a02 -> 
  custom:container-demuxer-ogg: 62fdf1f143b41e24485cea50d1cbac27 -> 
  custom:video-encoder-webm-vp8: eb34c28f22e8b96e1ab97ce403110664 -> 
  custom:video-codec-MediaFoundation-h265: 746d11721c4dcdbdad8f713fa42b33f4 -> 
  custom:video-decoder-webm-vp8: 9c59270c3fd7afecdb556c50c9e8de78 -> 
  custom:audio-decoder-ogg-vorbis: bf7c407c2cedff20999df2af8eb42d56 -> 
  custom:audio-encoder-webm-vorbis: bf7c407c2cedff20999df2af8eb42d56 -> 
AssetImportWorkerClient::OnTransportError - code=2 error=End of file
